2019-11-06 17:49:27,449 INFO fr.ocr.service_batchmail.ServiceBatchmailApplication [restartedMain] Starting ServiceBatchmailApplication on DESKTOP-HE1TMKM with PID 9772 (D:\OpenClassRooms\OCR-Projet07\ocr-projet07-v3\service_batchmail\target\classes started by cordier in D:\OpenClassRooms\OCR-Projet07\ocr-projet07-v3\service_batchmail)
2019-11-06 17:49:27,457 INFO fr.ocr.service_batchmail.ServiceBatchmailApplication [restartedMain] No active profile set, falling back to default profiles: default
2019-11-06 17:49:28,659 INFO fr.ocr.service_batchmail.ServiceBatchmailApplication [restartedMain] Started ServiceBatchmailApplication in 1.502 seconds (JVM running for 1.914)
2019-11-06 17:54:10,030 INFO fr.ocr.service_batchmail.ServiceBatchmailApplication [restartedMain] Starting ServiceBatchmailApplication on DESKTOP-HE1TMKM with PID 12232 (D:\OpenClassRooms\OCR-Projet07\ocr-projet07-v3\service_batchmail\target\classes started by cordier in D:\OpenClassRooms\OCR-Projet07\ocr-projet07-v3\service_batchmail)
2019-11-06 17:54:10,034 INFO fr.ocr.service_batchmail.ServiceBatchmailApplication [restartedMain] No active profile set, falling back to default profiles: default
2019-11-06 17:54:11,238 INFO fr.ocr.service_batchmail.ServiceBatchmailApplication [restartedMain] Started ServiceBatchmailApplication in 1.512 seconds (JVM running for 1.881)
2019-11-06 17:54:11,239 INFO fr.ocr.service_batchmail.ServiceBatchmailApplication [restartedMain] dans le run
2019-11-06 17:54:11,239 INFO fr.ocr.service_batchmail.ServiceBatchmailApplication [restartedMain] y aun argument
2019-11-06 17:54:13,291 WARN fr.ocr.service_batchmail.service.BatchEmailService [restartedMain] Exception leve dans reception infos pour Mial : Connection refused: no further informationConnection refused: no further information
2019-11-06 17:56:30,008 INFO fr.ocr.service_batchmail.ServiceBatchmailApplication [restartedMain] Starting ServiceBatchmailApplication on DESKTOP-HE1TMKM with PID 5044 (D:\OpenClassRooms\OCR-Projet07\ocr-projet07-v3\service_batchmail\target\classes started by cordier in D:\OpenClassRooms\OCR-Projet07\ocr-projet07-v3\service_batchmail)
2019-11-06 17:56:30,012 INFO fr.ocr.service_batchmail.ServiceBatchmailApplication [restartedMain] No active profile set, falling back to default profiles: default
2019-11-06 17:56:31,183 WARN org.springframework.boot.devtools.autoconfigure.OptionalLiveReloadServer [restartedMain] Unable to start LiveReload server
2019-11-06 17:56:31,210 INFO fr.ocr.service_batchmail.ServiceBatchmailApplication [restartedMain] Started ServiceBatchmailApplication in 1.501 seconds (JVM running for 1.879)
2019-11-06 17:56:31,481 INFO fr.ocr.service_batchmail.service.BatchEmailService [restartedMain] InfosMailDtoBatch(nom=lola, courriel=laurent.cordier3004@gmail.com, titre=building web apps with spring 5 and angular, auteur=ranga ajitesh shukla, dateEmprunt=Tue Oct 01 02:00:00 CEST 2019)
2019-11-06 17:56:31,485 INFO fr.ocr.service_batchmail.task.ScheduledMailer [restartedMain] SimpleMailMessage: from=null; replyTo=null; to=laurent.cordier3004@gmail.com; cc=; bcc=; sentDate=null; subject=Relance Usager :lola; text=Bonjour, vous avez emprunté l'ouvrage :
 building web apps with spring 5 and angular
 De ranga ajitesh shukla
 Le  Tue Oct 01 02:00:00 CEST 2019
 
 
 Le délai de 4 semaines est dépassé.
 Merci de nous retourner cet ouvrage 
 L'équipe Municipale 
2019-11-06 17:56:32,250 ERROR fr.ocr.service_batchmail.ServiceBatchmailApplication [restartedMain] Exception levee suite appel de scheduledMailer.emailingToOverDueBorrowers()[org.springframework.mail.javamail.JavaMailSenderImpl.doSend(JavaMailSenderImpl.java:440), org.springframework.mail.javamail.JavaMailSenderImpl.send(JavaMailSenderImpl.java:323), org.springframework.mail.javamail.JavaMailSenderImpl.send(JavaMailSenderImpl.java:312), fr.ocr.service_batchmail.task.ScheduledMailer.sendEmail(ScheduledMailer.java:59), fr.ocr.service_batchmail.task.ScheduledMailer.lambda$emailingToOverDueBorrowers$0(ScheduledMailer.java:35), java.base/java.util.ArrayList.forEach(ArrayList.java:1540), fr.ocr.service_batchmail.task.ScheduledMailer.emailingToOverDueBorrowers(ScheduledMailer.java:33), fr.ocr.service_batchmail.ServiceBatchmailApplication.run(ServiceBatchmailApplication.java:39), org.springframework.boot.SpringApplication.callRunner(SpringApplication.java:784), org.springframework.boot.SpringApplication.callRunners(SpringApplication.java:768), org.springframework.boot.SpringApplication.run(SpringApplication.java:322), org.springframework.boot.SpringApplication.run(SpringApplication.java:1226), org.springframework.boot.SpringApplication.run(SpringApplication.java:1215), fr.ocr.service_batchmail.ServiceBatchmailApplication.main(ServiceBatchmailApplication.java:31), java.base/jdk.internal.reflect.NativeMethodAccessorImpl.invoke0(Native Method), java.base/jdk.internal.reflect.NativeMethodAccessorImpl.invoke(NativeMethodAccessorImpl.java:62), java.base/jdk.internal.reflect.DelegatingMethodAccessorImpl.invoke(DelegatingMethodAccessorImpl.java:43), java.base/java.lang.reflect.Method.invoke(Method.java:566), org.springframework.boot.devtools.restart.RestartLauncher.run(RestartLauncher.java:49)]
2019-11-06 17:57:48,835 INFO fr.ocr.service_batchmail.ServiceBatchmailApplication [restartedMain] Starting ServiceBatchmailApplication on DESKTOP-HE1TMKM with PID 11368 (D:\OpenClassRooms\OCR-Projet07\ocr-projet07-v3\service_batchmail\target\classes started by cordier in D:\OpenClassRooms\OCR-Projet07\ocr-projet07-v3\service_batchmail)
2019-11-06 17:57:48,844 INFO fr.ocr.service_batchmail.ServiceBatchmailApplication [restartedMain] No active profile set, falling back to default profiles: default
2019-11-06 17:57:50,016 WARN org.springframework.boot.devtools.autoconfigure.OptionalLiveReloadServer [restartedMain] Unable to start LiveReload server
2019-11-06 17:57:50,043 INFO fr.ocr.service_batchmail.ServiceBatchmailApplication [restartedMain] Started ServiceBatchmailApplication in 1.516 seconds (JVM running for 1.92)
2019-11-06 17:57:50,165 INFO fr.ocr.service_batchmail.service.BatchEmailService [restartedMain] InfosMailDtoBatch(nom=lola, courriel=laurent.cordier3004@gmail.com, titre=building web apps with spring 5 and angular, auteur=ranga ajitesh shukla, dateEmprunt=Tue Oct 01 02:00:00 CEST 2019)
2019-11-06 17:57:50,170 INFO fr.ocr.service_batchmail.task.ScheduledMailer [restartedMain] Bonjour, vous avez emprunte l'ouvrage :
 building web apps with spring 5 and angular
 De ranga ajitesh shukla
 Le  Tue Oct 01 02:00:00 CEST 2019
 
 
 Le delai de 4 semaines est depasse.
 Merci de nous retourner cet ouvrage 
 L'equipe Municipale 
2019-11-06 17:57:50,878 ERROR fr.ocr.service_batchmail.ServiceBatchmailApplication [restartedMain] Exception levee suite appel de scheduledMailer.emailingToOverDueBorrowers()[org.springframework.mail.javamail.JavaMailSenderImpl.doSend(JavaMailSenderImpl.java:440), org.springframework.mail.javamail.JavaMailSenderImpl.send(JavaMailSenderImpl.java:323), org.springframework.mail.javamail.JavaMailSenderImpl.send(JavaMailSenderImpl.java:312), fr.ocr.service_batchmail.task.ScheduledMailer.sendEmail(ScheduledMailer.java:59), fr.ocr.service_batchmail.task.ScheduledMailer.lambda$emailingToOverDueBorrowers$0(ScheduledMailer.java:35), java.base/java.util.ArrayList.forEach(ArrayList.java:1540), fr.ocr.service_batchmail.task.ScheduledMailer.emailingToOverDueBorrowers(ScheduledMailer.java:33), fr.ocr.service_batchmail.ServiceBatchmailApplication.run(ServiceBatchmailApplication.java:39), org.springframework.boot.SpringApplication.callRunner(SpringApplication.java:784), org.springframework.boot.SpringApplication.callRunners(SpringApplication.java:768), org.springframework.boot.SpringApplication.run(SpringApplication.java:322), org.springframework.boot.SpringApplication.run(SpringApplication.java:1226), org.springframework.boot.SpringApplication.run(SpringApplication.java:1215), fr.ocr.service_batchmail.ServiceBatchmailApplication.main(ServiceBatchmailApplication.java:31), java.base/jdk.internal.reflect.NativeMethodAccessorImpl.invoke0(Native Method), java.base/jdk.internal.reflect.NativeMethodAccessorImpl.invoke(NativeMethodAccessorImpl.java:62), java.base/jdk.internal.reflect.DelegatingMethodAccessorImpl.invoke(DelegatingMethodAccessorImpl.java:43), java.base/java.lang.reflect.Method.invoke(Method.java:566), org.springframework.boot.devtools.restart.RestartLauncher.run(RestartLauncher.java:49)]
2019-11-06 17:59:07,605 INFO fr.ocr.service_batchmail.ServiceBatchmailApplication [restartedMain] Starting ServiceBatchmailApplication on DESKTOP-HE1TMKM with PID 3724 (D:\OpenClassRooms\OCR-Projet07\ocr-projet07-v3\service_batchmail\target\classes started by cordier in D:\OpenClassRooms\OCR-Projet07\ocr-projet07-v3\service_batchmail)
2019-11-06 17:59:07,607 INFO fr.ocr.service_batchmail.ServiceBatchmailApplication [restartedMain] No active profile set, falling back to default profiles: default
2019-11-06 17:59:08,804 WARN org.springframework.boot.devtools.autoconfigure.OptionalLiveReloadServer [restartedMain] Unable to start LiveReload server
2019-11-06 17:59:08,831 INFO fr.ocr.service_batchmail.ServiceBatchmailApplication [restartedMain] Started ServiceBatchmailApplication in 1.533 seconds (JVM running for 1.915)
2019-11-06 17:59:08,949 INFO fr.ocr.service_batchmail.service.BatchEmailService [restartedMain] InfosMailDtoBatch(nom=lola, courriel=laurent.cordier3004@gmail.com, titre=building web apps with spring 5 and angular, auteur=ranga ajitesh shukla, dateEmprunt=Tue Oct 01 02:00:00 CEST 2019)
2019-11-06 17:59:08,953 INFO fr.ocr.service_batchmail.task.ScheduledMailer [restartedMain] Bonjour, vous avez emprunte l'ouvrage :
 building web apps with spring 5 and angular
 De ranga ajitesh shukla
 Le  Tue Oct 01 02:00:00 CEST 2019
 
 
 Le delai de 4 semaines est depasse.
 Merci de nous retourner cet ouvrage 
 L'equipe Municipale 
2019-11-06 17:59:09,638 ERROR fr.ocr.service_batchmail.ServiceBatchmailApplication [restartedMain] Exception levee suite appel de scheduledMailer.emailingToOverDueBorrowers()Authentication failed; nested exception is javax.mail.AuthenticationFailedException: 535-5.7.8 Username and Password not accepted. Learn more at
535 5.7.8  https://support.google.com/mail/?p=BadCredentials b66sm3427934wmh.39 - gsmtp

2019-11-06 18:03:59,828 INFO fr.ocr.service_batchmail.ServiceBatchmailApplication [restartedMain] Starting ServiceBatchmailApplication on DESKTOP-HE1TMKM with PID 10624 (D:\OpenClassRooms\OCR-Projet07\ocr-projet07-v3\service_batchmail\target\classes started by cordier in D:\OpenClassRooms\OCR-Projet07\ocr-projet07-v3\service_batchmail)
2019-11-06 18:03:59,830 INFO fr.ocr.service_batchmail.ServiceBatchmailApplication [restartedMain] No active profile set, falling back to default profiles: default
2019-11-06 18:04:01,006 WARN org.springframework.boot.devtools.autoconfigure.OptionalLiveReloadServer [restartedMain] Unable to start LiveReload server
2019-11-06 18:04:01,033 INFO fr.ocr.service_batchmail.ServiceBatchmailApplication [restartedMain] Started ServiceBatchmailApplication in 1.504 seconds (JVM running for 1.858)
2019-11-06 18:04:01,147 INFO fr.ocr.service_batchmail.service.BatchEmailService [restartedMain] InfosMailDtoBatch(nom=lola, courriel=laurent.cordier3004@gmail.com, titre=building web apps with spring 5 and angular, auteur=ranga ajitesh shukla, dateEmprunt=Tue Oct 01 02:00:00 CEST 2019)
2019-11-06 18:04:01,151 INFO fr.ocr.service_batchmail.task.ScheduledMailer [restartedMain] Bonjour, vous avez emprunte l'ouvrage :
 building web apps with spring 5 and angular
 De ranga ajitesh shukla
 Le  Tue Oct 01 02:00:00 CEST 2019
 
 
 Le delai de 4 semaines est depasse.
 Merci de nous retourner cet ouvrage 
 L'equipe Municipale 
2019-11-06 18:04:02,201 ERROR fr.ocr.service_batchmail.ServiceBatchmailApplication [restartedMain] Exception levee suite appel de scheduledMailer.emailingToOverDueBorrowers()Authentication failed; nested exception is javax.mail.AuthenticationFailedException: 535-5.7.8 Username and Password not accepted. Learn more at
535 5.7.8  https://support.google.com/mail/?p=BadCredentials w8sm30588320wrr.44 - gsmtp

2019-11-06 18:06:14,309 INFO fr.ocr.service_batchmail.ServiceBatchmailApplication [restartedMain] Starting ServiceBatchmailApplication on DESKTOP-HE1TMKM with PID 3348 (D:\OpenClassRooms\OCR-Projet07\ocr-projet07-v3\service_batchmail\target\classes started by cordier in D:\OpenClassRooms\OCR-Projet07\ocr-projet07-v3\service_batchmail)
2019-11-06 18:06:14,312 INFO fr.ocr.service_batchmail.ServiceBatchmailApplication [restartedMain] No active profile set, falling back to default profiles: default
2019-11-06 18:06:15,482 WARN org.springframework.boot.devtools.autoconfigure.OptionalLiveReloadServer [restartedMain] Unable to start LiveReload server
2019-11-06 18:06:15,509 INFO fr.ocr.service_batchmail.ServiceBatchmailApplication [restartedMain] Started ServiceBatchmailApplication in 1.499 seconds (JVM running for 1.863)
2019-11-06 18:06:15,623 INFO fr.ocr.service_batchmail.service.BatchEmailService [restartedMain] InfosMailDtoBatch(nom=lola, courriel=laurent.cordier3004@gmail.com, titre=building web apps with spring 5 and angular, auteur=ranga ajitesh shukla, dateEmprunt=Tue Oct 01 02:00:00 CEST 2019)
2019-11-06 18:06:15,628 INFO fr.ocr.service_batchmail.task.ScheduledMailer [restartedMain] Bonjour, vous avez emprunte l'ouvrage :
 building web apps with spring 5 and angular
 De ranga ajitesh shukla
 Le  Tue Oct 01 02:00:00 CEST 2019
 
 
 Le delai de 4 semaines est depasse.
 Merci de nous retourner cet ouvrage 
 L'equipe Municipale 
