[2019-11-12T10:20:34.034Z] [org.springframework.boot.StartupInfoLogger] [restartedMain] [55] [INFO ] Starting ServiceCrudApplication on DESKTOP-LPPU0J5 with PID 12836 (C:\OpenClassRooms\ocr-projet07-v3\service_crud\target\classes started by cordier in C:\OpenClassRooms\ocr-projet07-v3)
[2019-11-12T10:20:34.034Z] [org.springframework.boot.StartupInfoLogger] [restartedMain] [56] [DEBUG] Running with Spring Boot v2.2.0.RELEASE, Spring v5.2.0.RELEASE
[2019-11-12T10:20:34.034Z] [org.springframework.boot.SpringApplication] [restartedMain] [651] [INFO ] No active profile set, falling back to default profiles: default
[2019-11-12T10:20:34.034Z] [org.springframework.boot.logging.DeferredLog] [restartedMain] [225] [INFO ] The Class-Path manifest attribute in C:\Users\cordier\.m2\repository\org\glassfish\jaxb\jaxb-runtime\2.3.2\jaxb-runtime-2.3.2.jar referenced one or more files that do not exist: file:/C:/Users/cordier/.m2/repository/org/glassfish/jaxb/jaxb-runtime/2.3.2/jakarta.xml.bind-api-2.3.2.jar,file:/C:/Users/cordier/.m2/repository/org/glassfish/jaxb/jaxb-runtime/2.3.2/txw2-2.3.2.jar,file:/C:/Users/cordier/.m2/repository/org/glassfish/jaxb/jaxb-runtime/2.3.2/istack-commons-runtime-3.0.8.jar,file:/C:/Users/cordier/.m2/repository/org/glassfish/jaxb/jaxb-runtime/2.3.2/stax-ex-1.8.1.jar,file:/C:/Users/cordier/.m2/repository/org/glassfish/jaxb/jaxb-runtime/2.3.2/FastInfoset-1.2.16.jar,file:/C:/Users/cordier/.m2/repository/org/glassfish/jaxb/jaxb-runtime/2.3.2/jakarta.activation-api-1.2.1.jar
[2019-11-12T10:20:34.034Z] [org.springframework.boot.logging.DeferredLog] [restartedMain] [225] [INFO ] Devtools property defaults active! Set 'spring.devtools.add-properties' to 'false' to disable
[2019-11-12T10:20:34.034Z] [org.springframework.boot.logging.DeferredLog] [restartedMain] [225] [INFO ] For additional web related logging consider setting the 'logging.level.web' property to 'DEBUG'
[2019-11-12T10:20:35.035Z] [org.springframework.data.repository.config.RepositoryConfigurationDelegate] [restartedMain] [126] [INFO ] Bootstrapping Spring Data repositories in DEFAULT mode.
[2019-11-12T10:20:35.035Z] [org.springframework.data.repository.config.RepositoryConfigurationDelegate] [restartedMain] [182] [INFO ] Finished Spring Data repository scanning in 70ms. Found 3 repository interfaces.
[2019-11-12T10:20:36.036Z] [org.springframework.context.support.PostProcessorRegistrationDelegate$BeanPostProcessorChecker] [restartedMain] [330] [INFO ] Bean 'org.springframework.transaction.annotation.ProxyTransactionManagementConfiguration' of type [org.springframework.transaction.annotation.ProxyTransactionManagementConfiguration] is not eligible for getting processed by all BeanPostProcessors (for example: not eligible for auto-proxying)
[2019-11-12T10:20:36.036Z] [org.springframework.boot.web.embedded.tomcat.TomcatWebServer] [restartedMain] [92] [INFO ] Tomcat initialized with port(s): 9090 (http)
[2019-11-12T10:20:36.036Z] [org.apache.juli.logging.DirectJDKLog] [restartedMain] [173] [INFO ] Initializing ProtocolHandler ["http-nio-9090"]
[2019-11-12T10:20:36.036Z] [org.apache.juli.logging.DirectJDKLog] [restartedMain] [173] [INFO ] Starting service [Tomcat]
[2019-11-12T10:20:36.036Z] [org.apache.juli.logging.DirectJDKLog] [restartedMain] [173] [INFO ] Starting Servlet engine: [Apache Tomcat/9.0.27]
[2019-11-12T10:20:36.036Z] [org.apache.juli.logging.DirectJDKLog] [restartedMain] [173] [INFO ] Initializing Spring embedded WebApplicationContext
[2019-11-12T10:20:36.036Z] [org.springframework.boot.web.servlet.context.ServletWebServerApplicationContext] [restartedMain] [284] [INFO ] Root WebApplicationContext: initialization completed in 1973 ms
[2019-11-12T10:20:36.036Z] [com.zaxxer.hikari.HikariDataSource] [restartedMain] [110] [INFO ] HikariPool-1 - Starting...
[2019-11-12T10:20:36.036Z] [com.zaxxer.hikari.HikariDataSource] [restartedMain] [123] [INFO ] HikariPool-1 - Start completed.
[2019-11-12T10:20:36.036Z] [org.hibernate.jpa.internal.util.LogHelper] [restartedMain] [31] [INFO ] HHH000204: Processing PersistenceUnitInfo [name: default]
[2019-11-12T10:20:36.036Z] [org.hibernate.Version] [restartedMain] [46] [INFO ] HHH000412: Hibernate Core {5.4.6.Final}
[2019-11-12T10:20:36.036Z] [org.hibernate.annotations.common.reflection.java.JavaReflectionManager] [restartedMain] [49] [INFO ] HCANN000001: Hibernate Commons Annotations {5.1.0.Final}
[2019-11-12T10:20:36.036Z] [org.hibernate.dialect.Dialect] [restartedMain] [172] [INFO ] HHH000400: Using dialect: org.hibernate.dialect.PostgreSQL95Dialect
[2019-11-12T10:20:37.037Z] [org.hibernate.engine.transaction.jta.platform.internal.JtaPlatformInitiator] [restartedMain] [52] [INFO ] HHH000490: Using JtaPlatform implementation: [org.hibernate.engine.transaction.jta.platform.internal.NoJtaPlatform]
[2019-11-12T10:20:37.037Z] [org.springframework.orm.jpa.AbstractEntityManagerFactoryBean] [restartedMain] [416] [INFO ] Initialized JPA EntityManagerFactory for persistence unit 'default'
[2019-11-12T10:20:38.038Z] [org.springframework.context.support.AbstractApplicationContext] [restartedMain] [558] [WARN ] Exception encountered during context initialization - cancelling refresh attempt: org.springframework.beans.factory.UnsatisfiedDependencyException: Error creating bean with name 'pretCrudController' defined in file [C:\OpenClassRooms\ocr-projet07-v3\service_crud\target\classes\fr\ocr\application\pret\PretCrudController.class]: Unsatisfied dependency expressed through constructor parameter 1; nested exception is org.springframework.beans.factory.UnsatisfiedDependencyException: Error creating bean with name 'userCrudService' defined in file [C:\OpenClassRooms\ocr-projet07-v3\service_crud\target\classes\fr\ocr\application\user\UserCrudService.class]: Unsatisfied dependency expressed through constructor parameter 0; nested exception is org.springframework.beans.factory.BeanCreationException: Error creating bean with name 'userCrudRepository': Invocation of init method failed; nested exception is java.lang.IllegalArgumentException: Failed to create query for method public abstract java.util.Optional fr.ocr.application.user.UserCrudRepository.findUserByUserName(java.lang.String)! No property userName found for type User! Did you mean 'username'?
[2019-11-12T10:20:38.038Z] [org.springframework.orm.jpa.AbstractEntityManagerFactoryBean] [restartedMain] [598] [INFO ] Closing JPA EntityManagerFactory for persistence unit 'default'
[2019-11-12T10:20:38.038Z] [com.zaxxer.hikari.HikariDataSource] [restartedMain] [350] [INFO ] HikariPool-1 - Shutdown initiated...
[2019-11-12T10:20:38.038Z] [com.zaxxer.hikari.HikariDataSource] [restartedMain] [352] [INFO ] HikariPool-1 - Shutdown completed.
[2019-11-12T10:20:38.038Z] [org.apache.juli.logging.DirectJDKLog] [restartedMain] [173] [INFO ] Stopping service [Tomcat]
[2019-11-12T10:20:38.038Z] [org.springframework.boot.autoconfigure.logging.ConditionEvaluationReportLoggingListener] [restartedMain] [136] [INFO ] 

Error starting ApplicationContext. To display the conditions report re-run your application with 'debug' enabled.
[2019-11-12T10:20:38.038Z] [org.springframework.boot.SpringApplication] [restartedMain] [826] [ERROR] Application run failed
org.springframework.beans.factory.UnsatisfiedDependencyException: Error creating bean with name 'pretCrudController' defined in file [C:\OpenClassRooms\ocr-projet07-v3\service_crud\target\classes\fr\ocr\application\pret\PretCrudController.class]: Unsatisfied dependency expressed through constructor parameter 1; nested exception is org.springframework.beans.factory.UnsatisfiedDependencyException: Error creating bean with name 'userCrudService' defined in file [C:\OpenClassRooms\ocr-projet07-v3\service_crud\target\classes\fr\ocr\application\user\UserCrudService.class]: Unsatisfied dependency expressed through constructor parameter 0; nested exception is org.springframework.beans.factory.BeanCreationException: Error creating bean with name 'userCrudRepository': Invocation of init method failed; nested exception is java.lang.IllegalArgumentException: Failed to create query for method public abstract java.util.Optional fr.ocr.application.user.UserCrudRepository.findUserByUserName(java.lang.String)! No property userName found for type User! Did you mean 'username'?
	at org.springframework.beans.factory.support.ConstructorResolver.createArgumentArray(ConstructorResolver.java:787)
	at org.springframework.beans.factory.support.ConstructorResolver.autowireConstructor(ConstructorResolver.java:226)
	at org.springframework.beans.factory.support.AbstractAutowireCapableBeanFactory.autowireConstructor(AbstractAutowireCapableBeanFactory.java:1358)
	at org.springframework.beans.factory.support.AbstractAutowireCapableBeanFactory.createBeanInstance(AbstractAutowireCapableBeanFactory.java:1204)
	at org.springframework.beans.factory.support.AbstractAutowireCapableBeanFactory.doCreateBean(AbstractAutowireCapableBeanFactory.java:557)
	at org.springframework.beans.factory.support.AbstractAutowireCapableBeanFactory.createBean(AbstractAutowireCapableBeanFactory.java:517)
	at org.springframework.beans.factory.support.AbstractBeanFactory.lambda$doGetBean$0(AbstractBeanFactory.java:323)
	at org.springframework.beans.factory.support.DefaultSingletonBeanRegistry.getSingleton(DefaultSingletonBeanRegistry.java:222)
	at org.springframework.beans.factory.support.AbstractBeanFactory.doGetBean(AbstractBeanFactory.java:321)
	at org.springframework.beans.factory.support.AbstractBeanFactory.getBean(AbstractBeanFactory.java:202)
	at org.springframework.beans.factory.support.DefaultListableBeanFactory.preInstantiateSingletons(DefaultListableBeanFactory.java:879)
	at org.springframework.context.support.AbstractApplicationContext.finishBeanFactoryInitialization(AbstractApplicationContext.java:878)
	at org.springframework.context.support.AbstractApplicationContext.refresh(AbstractApplicationContext.java:550)
	at org.springframework.boot.web.servlet.context.ServletWebServerApplicationContext.refresh(ServletWebServerApplicationContext.java:141)
	at org.springframework.boot.SpringApplication.refresh(SpringApplication.java:747)
	at org.springframework.boot.SpringApplication.refreshContext(SpringApplication.java:397)
	at org.springframework.boot.SpringApplication.run(SpringApplication.java:315)
	at org.springframework.boot.SpringApplication.run(SpringApplication.java:1226)
	at org.springframework.boot.SpringApplication.run(SpringApplication.java:1215)
	at fr.ocr.ServiceCrudApplication.main(ServiceCrudApplication.java:26)
	at java.base/jdk.internal.reflect.NativeMethodAccessorImpl.invoke0(Native Method)
	at java.base/jdk.internal.reflect.NativeMethodAccessorImpl.invoke(NativeMethodAccessorImpl.java:62)
	at java.base/jdk.internal.reflect.DelegatingMethodAccessorImpl.invoke(DelegatingMethodAccessorImpl.java:43)
	at java.base/java.lang.reflect.Method.invoke(Method.java:566)
	at org.springframework.boot.devtools.restart.RestartLauncher.run(RestartLauncher.java:49)
Caused by: org.springframework.beans.factory.UnsatisfiedDependencyException: Error creating bean with name 'userCrudService' defined in file [C:\OpenClassRooms\ocr-projet07-v3\service_crud\target\classes\fr\ocr\application\user\UserCrudService.class]: Unsatisfied dependency expressed through constructor parameter 0; nested exception is org.springframework.beans.factory.BeanCreationException: Error creating bean with name 'userCrudRepository': Invocation of init method failed; nested exception is java.lang.IllegalArgumentException: Failed to create query for method public abstract java.util.Optional fr.ocr.application.user.UserCrudRepository.findUserByUserName(java.lang.String)! No property userName found for type User! Did you mean 'username'?
	at org.springframework.beans.factory.support.ConstructorResolver.createArgumentArray(ConstructorResolver.java:787)
	at org.springframework.beans.factory.support.ConstructorResolver.autowireConstructor(ConstructorResolver.java:226)
	at org.springframework.beans.factory.support.AbstractAutowireCapableBeanFactory.autowireConstructor(AbstractAutowireCapableBeanFactory.java:1358)
	at org.springframework.beans.factory.support.AbstractAutowireCapableBeanFactory.createBeanInstance(AbstractAutowireCapableBeanFactory.java:1204)
	at org.springframework.beans.factory.support.AbstractAutowireCapableBeanFactory.doCreateBean(AbstractAutowireCapableBeanFactory.java:557)
	at org.springframework.beans.factory.support.AbstractAutowireCapableBeanFactory.createBean(AbstractAutowireCapableBeanFactory.java:517)
	at org.springframework.beans.factory.support.AbstractBeanFactory.lambda$doGetBean$0(AbstractBeanFactory.java:323)
	at org.springframework.beans.factory.support.DefaultSingletonBeanRegistry.getSingleton(DefaultSingletonBeanRegistry.java:222)
	at org.springframework.beans.factory.support.AbstractBeanFactory.doGetBean(AbstractBeanFactory.java:321)
	at org.springframework.beans.factory.support.AbstractBeanFactory.getBean(AbstractBeanFactory.java:202)
	at org.springframework.beans.factory.config.DependencyDescriptor.resolveCandidate(DependencyDescriptor.java:276)
	at org.springframework.beans.factory.support.DefaultListableBeanFactory.doResolveDependency(DefaultListableBeanFactory.java:1287)
	at org.springframework.beans.factory.support.DefaultListableBeanFactory.resolveDependency(DefaultListableBeanFactory.java:1207)
	at org.springframework.beans.factory.support.ConstructorResolver.resolveAutowiredArgument(ConstructorResolver.java:874)
	at org.springframework.beans.factory.support.ConstructorResolver.createArgumentArray(ConstructorResolver.java:778)
	... 24 common frames omitted
Caused by: org.springframework.beans.factory.BeanCreationException: Error creating bean with name 'userCrudRepository': Invocation of init method failed; nested exception is java.lang.IllegalArgumentException: Failed to create query for method public abstract java.util.Optional fr.ocr.application.user.UserCrudRepository.findUserByUserName(java.lang.String)! No property userName found for type User! Did you mean 'username'?
	at org.springframework.beans.factory.support.AbstractAutowireCapableBeanFactory.initializeBean(AbstractAutowireCapableBeanFactory.java:1803)
	at org.springframework.beans.factory.support.AbstractAutowireCapableBeanFactory.doCreateBean(AbstractAutowireCapableBeanFactory.java:595)
	at org.springframework.beans.factory.support.AbstractAutowireCapableBeanFactory.createBean(AbstractAutowireCapableBeanFactory.java:517)
	at org.springframework.beans.factory.support.AbstractBeanFactory.lambda$doGetBean$0(AbstractBeanFactory.java:323)
	at org.springframework.beans.factory.support.DefaultSingletonBeanRegistry.getSingleton(DefaultSingletonBeanRegistry.java:222)
	at org.springframework.beans.factory.support.AbstractBeanFactory.doGetBean(AbstractBeanFactory.java:321)
	at org.springframework.beans.factory.support.AbstractBeanFactory.getBean(AbstractBeanFactory.java:202)
	at org.springframework.beans.factory.config.DependencyDescriptor.resolveCandidate(DependencyDescriptor.java:276)
	at org.springframework.beans.factory.support.DefaultListableBeanFactory.doResolveDependency(DefaultListableBeanFactory.java:1287)
	at org.springframework.beans.factory.support.DefaultListableBeanFactory.resolveDependency(DefaultListableBeanFactory.java:1207)
	at org.springframework.beans.factory.support.ConstructorResolver.resolveAutowiredArgument(ConstructorResolver.java:874)
	at org.springframework.beans.factory.support.ConstructorResolver.createArgumentArray(ConstructorResolver.java:778)
	... 38 common frames omitted
Caused by: java.lang.IllegalArgumentException: Failed to create query for method public abstract java.util.Optional fr.ocr.application.user.UserCrudRepository.findUserByUserName(java.lang.String)! No property userName found for type User! Did you mean 'username'?
	at org.springframework.data.jpa.repository.query.PartTreeJpaQuery.<init>(PartTreeJpaQuery.java:103)
	at org.springframework.data.jpa.repository.query.JpaQueryLookupStrategy$CreateQueryLookupStrategy.resolveQuery(JpaQueryLookupStrategy.java:106)
	at org.springframework.data.jpa.repository.query.JpaQueryLookupStrategy$CreateIfNotFoundQueryLookupStrategy.resolveQuery(JpaQueryLookupStrategy.java:211)
	at org.springframework.data.jpa.repository.query.JpaQueryLookupStrategy$AbstractQueryLookupStrategy.resolveQuery(JpaQueryLookupStrategy.java:79)
	at org.springframework.data.repository.core.support.RepositoryFactorySupport$QueryExecutorMethodInterceptor.lookupQuery(RepositoryFactorySupport.java:574)
	at org.springframework.data.repository.core.support.RepositoryFactorySupport$QueryExecutorMethodInterceptor.lambda$mapMethodsToQuery$1(RepositoryFactorySupport.java:567)
	at java.base/java.util.stream.ReferencePipeline$3$1.accept(ReferencePipeline.java:195)
	at java.base/java.util.Iterator.forEachRemaining(Iterator.java:133)
	at java.base/java.util.Collections$UnmodifiableCollection$1.forEachRemaining(Collections.java:1054)
	at java.base/java.util.Spliterators$IteratorSpliterator.forEachRemaining(Spliterators.java:1801)
	at java.base/java.util.stream.AbstractPipeline.copyInto(AbstractPipeline.java:484)
	at java.base/java.util.stream.AbstractPipeline.wrapAndCopyInto(AbstractPipeline.java:474)
	at java.base/java.util.stream.ReduceOps$ReduceOp.evaluateSequential(ReduceOps.java:913)
	at java.base/java.util.stream.AbstractPipeline.evaluate(AbstractPipeline.java:234)
	at java.base/java.util.stream.ReferencePipeline.collect(ReferencePipeline.java:578)
	at org.springframework.data.repository.core.support.RepositoryFactorySupport$QueryExecutorMethodInterceptor.mapMethodsToQuery(RepositoryFactorySupport.java:569)
	at org.springframework.data.repository.core.support.RepositoryFactorySupport$QueryExecutorMethodInterceptor.lambda$new$0(RepositoryFactorySupport.java:559)
	at java.base/java.util.Optional.map(Optional.java:265)
	at org.springframework.data.repository.core.support.RepositoryFactorySupport$QueryExecutorMethodInterceptor.<init>(RepositoryFactorySupport.java:559)
	at org.springframework.data.repository.core.support.RepositoryFactorySupport.getRepository(RepositoryFactorySupport.java:332)
	at org.springframework.data.repository.core.support.RepositoryFactoryBeanSupport.lambda$afterPropertiesSet$5(RepositoryFactoryBeanSupport.java:297)
	at org.springframework.data.util.Lazy.getNullable(Lazy.java:212)
	at org.springframework.data.util.Lazy.get(Lazy.java:94)
	at org.springframework.data.repository.core.support.RepositoryFactoryBeanSupport.afterPropertiesSet(RepositoryFactoryBeanSupport.java:300)
	at org.springframework.data.jpa.repository.support.JpaRepositoryFactoryBean.afterPropertiesSet(JpaRepositoryFactoryBean.java:121)
	at org.springframework.beans.factory.support.AbstractAutowireCapableBeanFactory.invokeInitMethods(AbstractAutowireCapableBeanFactory.java:1862)
	at org.springframework.beans.factory.support.AbstractAutowireCapableBeanFactory.initializeBean(AbstractAutowireCapableBeanFactory.java:1799)
	... 49 common frames omitted
Caused by: org.springframework.data.mapping.PropertyReferenceException: No property userName found for type User! Did you mean 'username'?
	at org.springframework.data.mapping.PropertyPath.<init>(PropertyPath.java:94)
	at org.springframework.data.mapping.PropertyPath.create(PropertyPath.java:382)
	at org.springframework.data.mapping.PropertyPath.create(PropertyPath.java:358)
	at org.springframework.data.mapping.PropertyPath.lambda$from$0(PropertyPath.java:311)
	at java.base/java.util.concurrent.ConcurrentMap.computeIfAbsent(ConcurrentMap.java:330)
	at org.springframework.data.mapping.PropertyPath.from(PropertyPath.java:293)
	at org.springframework.data.mapping.PropertyPath.from(PropertyPath.java:276)
	at org.springframework.data.repository.query.parser.Part.<init>(Part.java:82)
	at org.springframework.data.repository.query.parser.PartTree$OrPart.lambda$new$0(PartTree.java:250)
	at java.base/java.util.stream.ReferencePipeline$3$1.accept(ReferencePipeline.java:195)
	at java.base/java.util.stream.ReferencePipeline$2$1.accept(ReferencePipeline.java:177)
	at java.base/java.util.Spliterators$ArraySpliterator.forEachRemaining(Spliterators.java:948)
	at java.base/java.util.stream.AbstractPipeline.copyInto(AbstractPipeline.java:484)
	at java.base/java.util.stream.AbstractPipeline.wrapAndCopyInto(AbstractPipeline.java:474)
	at java.base/java.util.stream.ReduceOps$ReduceOp.evaluateSequential(ReduceOps.java:913)
	at java.base/java.util.stream.AbstractPipeline.evaluate(AbstractPipeline.java:234)
	at java.base/java.util.stream.ReferencePipeline.collect(ReferencePipeline.java:578)
	at org.springframework.data.repository.query.parser.PartTree$OrPart.<init>(PartTree.java:251)
	at org.springframework.data.repository.query.parser.PartTree$Predicate.lambda$new$0(PartTree.java:380)
	at java.base/java.util.stream.ReferencePipeline$3$1.accept(ReferencePipeline.java:195)
	at java.base/java.util.stream.ReferencePipeline$2$1.accept(ReferencePipeline.java:177)
	at java.base/java.util.Spliterators$ArraySpliterator.forEachRemaining(Spliterators.java:948)
	at java.base/java.util.stream.AbstractPipeline.copyInto(AbstractPipeline.java:484)
	at java.base/java.util.stream.AbstractPipeline.wrapAndCopyInto(AbstractPipeline.java:474)
	at java.base/java.util.stream.ReduceOps$ReduceOp.evaluateSequential(ReduceOps.java:913)
	at java.base/java.util.stream.AbstractPipeline.evaluate(AbstractPipeline.java:234)
	at java.base/java.util.stream.ReferencePipeline.collect(ReferencePipeline.java:578)
	at org.springframework.data.repository.query.parser.PartTree$Predicate.<init>(PartTree.java:381)
	at org.springframework.data.repository.query.parser.PartTree.<init>(PartTree.java:96)
	at org.springframework.data.jpa.repository.query.PartTreeJpaQuery.<init>(PartTreeJpaQuery.java:96)
	... 75 common frames omitted
[2019-11-12T10:26:36.036Z] [org.springframework.boot.StartupInfoLogger] [restartedMain] [55] [INFO ] Starting ServiceCrudApplication on DESKTOP-LPPU0J5 with PID 11260 (C:\OpenClassRooms\ocr-projet07-v3\service_crud\target\classes started by cordier in C:\OpenClassRooms\ocr-projet07-v3)
[2019-11-12T10:26:36.036Z] [org.springframework.boot.StartupInfoLogger] [restartedMain] [56] [DEBUG] Running with Spring Boot v2.2.0.RELEASE, Spring v5.2.0.RELEASE
[2019-11-12T10:26:36.036Z] [org.springframework.boot.SpringApplication] [restartedMain] [651] [INFO ] No active profile set, falling back to default profiles: default
[2019-11-12T10:26:36.036Z] [org.springframework.boot.logging.DeferredLog] [restartedMain] [225] [INFO ] The Class-Path manifest attribute in C:\Users\cordier\.m2\repository\org\glassfish\jaxb\jaxb-runtime\2.3.2\jaxb-runtime-2.3.2.jar referenced one or more files that do not exist: file:/C:/Users/cordier/.m2/repository/org/glassfish/jaxb/jaxb-runtime/2.3.2/jakarta.xml.bind-api-2.3.2.jar,file:/C:/Users/cordier/.m2/repository/org/glassfish/jaxb/jaxb-runtime/2.3.2/txw2-2.3.2.jar,file:/C:/Users/cordier/.m2/repository/org/glassfish/jaxb/jaxb-runtime/2.3.2/istack-commons-runtime-3.0.8.jar,file:/C:/Users/cordier/.m2/repository/org/glassfish/jaxb/jaxb-runtime/2.3.2/stax-ex-1.8.1.jar,file:/C:/Users/cordier/.m2/repository/org/glassfish/jaxb/jaxb-runtime/2.3.2/FastInfoset-1.2.16.jar,file:/C:/Users/cordier/.m2/repository/org/glassfish/jaxb/jaxb-runtime/2.3.2/jakarta.activation-api-1.2.1.jar
[2019-11-12T10:26:36.036Z] [org.springframework.boot.logging.DeferredLog] [restartedMain] [225] [INFO ] Devtools property defaults active! Set 'spring.devtools.add-properties' to 'false' to disable
[2019-11-12T10:26:36.036Z] [org.springframework.boot.logging.DeferredLog] [restartedMain] [225] [INFO ] For additional web related logging consider setting the 'logging.level.web' property to 'DEBUG'
[2019-11-12T10:26:37.037Z] [org.springframework.data.repository.config.RepositoryConfigurationDelegate] [restartedMain] [126] [INFO ] Bootstrapping Spring Data repositories in DEFAULT mode.
[2019-11-12T10:26:38.038Z] [org.springframework.data.repository.config.RepositoryConfigurationDelegate] [restartedMain] [182] [INFO ] Finished Spring Data repository scanning in 79ms. Found 3 repository interfaces.
[2019-11-12T10:26:38.038Z] [org.springframework.context.support.PostProcessorRegistrationDelegate$BeanPostProcessorChecker] [restartedMain] [330] [INFO ] Bean 'org.springframework.transaction.annotation.ProxyTransactionManagementConfiguration' of type [org.springframework.transaction.annotation.ProxyTransactionManagementConfiguration] is not eligible for getting processed by all BeanPostProcessors (for example: not eligible for auto-proxying)
[2019-11-12T10:26:38.038Z] [org.springframework.boot.web.embedded.tomcat.TomcatWebServer] [restartedMain] [92] [INFO ] Tomcat initialized with port(s): 9090 (http)
[2019-11-12T10:26:38.038Z] [org.apache.juli.logging.DirectJDKLog] [restartedMain] [173] [INFO ] Initializing ProtocolHandler ["http-nio-9090"]
[2019-11-12T10:26:38.038Z] [org.apache.juli.logging.DirectJDKLog] [restartedMain] [173] [INFO ] Starting service [Tomcat]
[2019-11-12T10:26:38.038Z] [org.apache.juli.logging.DirectJDKLog] [restartedMain] [173] [INFO ] Starting Servlet engine: [Apache Tomcat/9.0.27]
[2019-11-12T10:26:38.038Z] [org.apache.juli.logging.DirectJDKLog] [restartedMain] [173] [INFO ] Initializing Spring embedded WebApplicationContext
[2019-11-12T10:26:38.038Z] [org.springframework.boot.web.servlet.context.ServletWebServerApplicationContext] [restartedMain] [284] [INFO ] Root WebApplicationContext: initialization completed in 2114 ms
[2019-11-12T10:26:38.038Z] [com.zaxxer.hikari.HikariDataSource] [restartedMain] [110] [INFO ] HikariPool-1 - Starting...
[2019-11-12T10:26:39.039Z] [com.zaxxer.hikari.HikariDataSource] [restartedMain] [123] [INFO ] HikariPool-1 - Start completed.
[2019-11-12T10:26:39.039Z] [org.hibernate.jpa.internal.util.LogHelper] [restartedMain] [31] [INFO ] HHH000204: Processing PersistenceUnitInfo [name: default]
[2019-11-12T10:26:39.039Z] [org.hibernate.Version] [restartedMain] [46] [INFO ] HHH000412: Hibernate Core {5.4.6.Final}
[2019-11-12T10:26:39.039Z] [org.hibernate.annotations.common.reflection.java.JavaReflectionManager] [restartedMain] [49] [INFO ] HCANN000001: Hibernate Commons Annotations {5.1.0.Final}
[2019-11-12T10:26:39.039Z] [org.hibernate.dialect.Dialect] [restartedMain] [172] [INFO ] HHH000400: Using dialect: org.hibernate.dialect.PostgreSQL95Dialect
[2019-11-12T10:26:40.040Z] [org.hibernate.engine.transaction.jta.platform.internal.JtaPlatformInitiator] [restartedMain] [52] [INFO ] HHH000490: Using JtaPlatform implementation: [org.hibernate.engine.transaction.jta.platform.internal.NoJtaPlatform]
[2019-11-12T10:26:40.040Z] [org.springframework.orm.jpa.AbstractEntityManagerFactoryBean] [restartedMain] [416] [INFO ] Initialized JPA EntityManagerFactory for persistence unit 'default'
[2019-11-12T10:26:41.041Z] [org.springframework.scheduling.concurrent.ExecutorConfigurationSupport] [restartedMain] [171] [INFO ] Initializing ExecutorService 'applicationTaskExecutor'
[2019-11-12T10:26:41.041Z] [org.springframework.boot.devtools.autoconfigure.OptionalLiveReloadServer] [restartedMain] [57] [INFO ] LiveReload server is running on port 35729
[2019-11-12T10:26:41.041Z] [org.apache.juli.logging.DirectJDKLog] [restartedMain] [173] [INFO ] Starting ProtocolHandler ["http-nio-9090"]
[2019-11-12T10:26:41.041Z] [org.springframework.boot.web.embedded.tomcat.TomcatWebServer] [restartedMain] [204] [INFO ] Tomcat started on port(s): 9090 (http) with context path ''
[2019-11-12T10:26:41.041Z] [org.springframework.boot.StartupInfoLogger] [restartedMain] [61] [INFO ] Started ServiceCrudApplication in 6.297 seconds (JVM running for 8.357)
[2019-11-12T10:29:22.022Z] [org.apache.juli.logging.DirectJDKLog] [http-nio-9090-exec-1] [173] [INFO ] Initializing Spring DispatcherServlet 'dispatcherServlet'
[2019-11-12T10:29:22.022Z] [org.springframework.web.servlet.FrameworkServlet] [http-nio-9090-exec-1] [525] [INFO ] Initializing Servlet 'dispatcherServlet'
[2019-11-12T10:29:22.022Z] [org.springframework.web.servlet.FrameworkServlet] [http-nio-9090-exec-1] [547] [INFO ] Completed initialization in 8 ms
[2019-11-12T10:33:00.000Z] [org.springframework.scheduling.concurrent.ExecutorConfigurationSupport] [SpringContextShutdownHook] [208] [INFO ] Shutting down ExecutorService 'applicationTaskExecutor'
[2019-11-12T10:33:00.000Z] [org.springframework.orm.jpa.AbstractEntityManagerFactoryBean] [SpringContextShutdownHook] [598] [INFO ] Closing JPA EntityManagerFactory for persistence unit 'default'
[2019-11-12T10:33:00.000Z] [com.zaxxer.hikari.HikariDataSource] [SpringContextShutdownHook] [350] [INFO ] HikariPool-1 - Shutdown initiated...
[2019-11-12T10:33:00.000Z] [com.zaxxer.hikari.HikariDataSource] [SpringContextShutdownHook] [352] [INFO ] HikariPool-1 - Shutdown completed.
