[2019-11-12T20:12:07.007Z] [org.springframework.boot.StartupInfoLogger] [restartedMain] [55] [INFO ] Starting ServiceWebApplication on DESKTOP-HE1TMKM with PID 9848 (D:\OpenClassRooms\OCR-Projet07\ocr-projet07-v3\service_web\target\classes started by cordier in D:\OpenClassRooms\OCR-Projet07\ocr-projet07-v3)
[2019-11-12T20:12:07.007Z] [org.springframework.boot.StartupInfoLogger] [restartedMain] [56] [DEBUG] Running with Spring Boot v2.2.0.RELEASE, Spring v5.2.0.RELEASE
[2019-11-12T20:12:07.007Z] [org.springframework.boot.SpringApplication] [restartedMain] [651] [INFO ] No active profile set, falling back to default profiles: default
[2019-11-12T20:12:07.007Z] [org.springframework.boot.logging.DeferredLog] [restartedMain] [225] [INFO ] Devtools property defaults active! Set 'spring.devtools.add-properties' to 'false' to disable
[2019-11-12T20:12:07.007Z] [org.springframework.boot.logging.DeferredLog] [restartedMain] [225] [INFO ] For additional web related logging consider setting the 'logging.level.web' property to 'DEBUG'
[2019-11-12T20:12:08.008Z] [org.springframework.boot.web.embedded.tomcat.TomcatWebServer] [restartedMain] [92] [INFO ] Tomcat initialized with port(s): 9091 (http)
[2019-11-12T20:12:08.008Z] [org.apache.juli.logging.DirectJDKLog] [restartedMain] [173] [INFO ] Initializing ProtocolHandler ["http-nio-9091"]
[2019-11-12T20:12:08.008Z] [org.apache.juli.logging.DirectJDKLog] [restartedMain] [173] [INFO ] Starting service [Tomcat]
[2019-11-12T20:12:08.008Z] [org.apache.juli.logging.DirectJDKLog] [restartedMain] [173] [INFO ] Starting Servlet engine: [Apache Tomcat/9.0.27]
[2019-11-12T20:12:08.008Z] [org.apache.juli.logging.DirectJDKLog] [restartedMain] [173] [INFO ] Initializing Spring embedded WebApplicationContext
[2019-11-12T20:12:08.008Z] [org.springframework.boot.web.servlet.context.ServletWebServerApplicationContext] [restartedMain] [284] [INFO ] Root WebApplicationContext: initialization completed in 1109 ms
[2019-11-12T20:12:09.009Z] [org.springframework.security.web.DefaultSecurityFilterChain] [restartedMain] [43] [INFO ] Creating filter chain: any request, [org.springframework.security.web.context.request.async.WebAsyncManagerIntegrationFilter@45f9abdd, org.springframework.security.web.context.SecurityContextPersistenceFilter@1a0249f5, org.springframework.security.web.header.HeaderWriterFilter@25ab47ed, org.springframework.security.web.authentication.logout.LogoutFilter@c469766, org.springframework.security.web.savedrequest.RequestCacheAwareFilter@38afc2eb, org.springframework.security.web.servletapi.SecurityContextHolderAwareRequestFilter@281cd8c5, org.springframework.security.web.authentication.AnonymousAuthenticationFilter@2e52ab6, org.springframework.security.web.session.SessionManagementFilter@140dbf18, org.springframework.security.web.access.ExceptionTranslationFilter@1a83a614, org.springframework.security.web.access.intercept.FilterSecurityInterceptor@2e8f9e37]
[2019-11-12T20:12:09.009Z] [org.springframework.scheduling.concurrent.ExecutorConfigurationSupport] [restartedMain] [171] [INFO ] Initializing ExecutorService 'applicationTaskExecutor'
[2019-11-12T20:12:09.009Z] [org.springframework.boot.devtools.autoconfigure.OptionalLiveReloadServer] [restartedMain] [60] [WARN ] Unable to start LiveReload server
[2019-11-12T20:12:09.009Z] [org.apache.juli.logging.DirectJDKLog] [restartedMain] [173] [INFO ] Starting ProtocolHandler ["http-nio-9091"]
[2019-11-12T20:12:09.009Z] [org.springframework.boot.web.embedded.tomcat.TomcatWebServer] [restartedMain] [204] [INFO ] Tomcat started on port(s): 9091 (http) with context path ''
[2019-11-12T20:12:09.009Z] [org.springframework.boot.StartupInfoLogger] [restartedMain] [61] [INFO ] Started ServiceWebApplication in 2.468 seconds (JVM running for 3.586)
[2019-11-12T20:12:19.019Z] [org.apache.juli.logging.DirectJDKLog] [http-nio-9091-exec-1] [173] [INFO ] Initializing Spring DispatcherServlet 'dispatcherServlet'
[2019-11-12T20:12:19.019Z] [org.springframework.web.servlet.FrameworkServlet] [http-nio-9091-exec-1] [525] [INFO ] Initializing Servlet 'dispatcherServlet'
[2019-11-12T20:12:20.020Z] [org.springframework.web.servlet.FrameworkServlet] [http-nio-9091-exec-1] [547] [INFO ] Completed initialization in 10 ms
[2019-11-12T20:12:20.020Z] [org.springframework.scheduling.concurrent.ExecutorConfigurationSupport] [Thread-1] [208] [INFO ] Shutting down ExecutorService 'applicationTaskExecutor'
[2019-11-12T20:12:21.021Z] [org.springframework.boot.StartupInfoLogger] [restartedMain] [55] [INFO ] Starting ServiceWebApplication on DESKTOP-HE1TMKM with PID 9848 (D:\OpenClassRooms\OCR-Projet07\ocr-projet07-v3\service_web\target\classes started by cordier in D:\OpenClassRooms\OCR-Projet07\ocr-projet07-v3)
[2019-11-12T20:12:21.021Z] [org.springframework.boot.StartupInfoLogger] [restartedMain] [56] [DEBUG] Running with Spring Boot v2.2.0.RELEASE, Spring v5.2.0.RELEASE
[2019-11-12T20:12:21.021Z] [org.springframework.boot.SpringApplication] [restartedMain] [651] [INFO ] No active profile set, falling back to default profiles: default
[2019-11-12T20:12:21.021Z] [org.apache.juli.logging.DirectJDKLog] [restartedMain] [173] [WARN ] The MBean registry cannot be disabled because it has already been initialised
[2019-11-12T20:12:21.021Z] [org.springframework.boot.web.embedded.tomcat.TomcatWebServer] [restartedMain] [92] [INFO ] Tomcat initialized with port(s): 9091 (http)
[2019-11-12T20:12:21.021Z] [org.apache.juli.logging.DirectJDKLog] [restartedMain] [173] [INFO ] Initializing ProtocolHandler ["http-nio-9091"]
[2019-11-12T20:12:21.021Z] [org.apache.juli.logging.DirectJDKLog] [restartedMain] [173] [INFO ] Starting service [Tomcat]
[2019-11-12T20:12:21.021Z] [org.apache.juli.logging.DirectJDKLog] [restartedMain] [173] [INFO ] Starting Servlet engine: [Apache Tomcat/9.0.27]
[2019-11-12T20:12:21.021Z] [org.apache.juli.logging.DirectJDKLog] [restartedMain] [173] [INFO ] Initializing Spring embedded WebApplicationContext
[2019-11-12T20:12:21.021Z] [org.springframework.boot.web.servlet.context.ServletWebServerApplicationContext] [restartedMain] [284] [INFO ] Root WebApplicationContext: initialization completed in 688 ms
[2019-11-12T20:12:22.022Z] [org.springframework.security.web.DefaultSecurityFilterChain] [restartedMain] [43] [INFO ] Creating filter chain: any request, [org.springframework.security.web.context.request.async.WebAsyncManagerIntegrationFilter@9f792b6, org.springframework.security.web.context.SecurityContextPersistenceFilter@b70007f, org.springframework.security.web.header.HeaderWriterFilter@292dbd05, org.springframework.security.web.authentication.logout.LogoutFilter@53903c53, org.springframework.security.web.savedrequest.RequestCacheAwareFilter@33047c4, org.springframework.security.web.servletapi.SecurityContextHolderAwareRequestFilter@47311732, org.springframework.security.web.authentication.AnonymousAuthenticationFilter@de90453, org.springframework.security.web.session.SessionManagementFilter@726db578, org.springframework.security.web.access.ExceptionTranslationFilter@7efed6db, org.springframework.security.web.access.intercept.FilterSecurityInterceptor@713797af]
[2019-11-12T20:12:22.022Z] [org.springframework.scheduling.concurrent.ExecutorConfigurationSupport] [restartedMain] [171] [INFO ] Initializing ExecutorService 'applicationTaskExecutor'
[2019-11-12T20:12:22.022Z] [org.springframework.boot.devtools.autoconfigure.OptionalLiveReloadServer] [restartedMain] [60] [WARN ] Unable to start LiveReload server
[2019-11-12T20:12:22.022Z] [org.apache.juli.logging.DirectJDKLog] [restartedMain] [173] [INFO ] Starting ProtocolHandler ["http-nio-9091"]
[2019-11-12T20:12:22.022Z] [org.springframework.boot.web.embedded.tomcat.TomcatWebServer] [restartedMain] [204] [INFO ] Tomcat started on port(s): 9091 (http) with context path ''
[2019-11-12T20:12:22.022Z] [org.springframework.boot.StartupInfoLogger] [restartedMain] [61] [INFO ] Started ServiceWebApplication in 1.33 seconds (JVM running for 16.504)
[2019-11-12T20:12:22.022Z] [org.springframework.boot.devtools.autoconfigure.ConditionEvaluationDeltaLoggingListener] [restartedMain] [63] [INFO ] Condition evaluation unchanged
[2019-11-12T20:12:24.024Z] [org.springframework.scheduling.concurrent.ExecutorConfigurationSupport] [Thread-6] [208] [INFO ] Shutting down ExecutorService 'applicationTaskExecutor'
[2019-11-12T20:12:24.024Z] [org.springframework.boot.StartupInfoLogger] [restartedMain] [55] [INFO ] Starting ServiceWebApplication on DESKTOP-HE1TMKM with PID 9848 (D:\OpenClassRooms\OCR-Projet07\ocr-projet07-v3\service_web\target\classes started by cordier in D:\OpenClassRooms\OCR-Projet07\ocr-projet07-v3)
[2019-11-12T20:12:24.024Z] [org.springframework.boot.StartupInfoLogger] [restartedMain] [56] [DEBUG] Running with Spring Boot v2.2.0.RELEASE, Spring v5.2.0.RELEASE
[2019-11-12T20:12:24.024Z] [org.springframework.boot.SpringApplication] [restartedMain] [651] [INFO ] No active profile set, falling back to default profiles: default
[2019-11-12T20:12:25.025Z] [org.apache.juli.logging.DirectJDKLog] [restartedMain] [173] [WARN ] The MBean registry cannot be disabled because it has already been initialised
[2019-11-12T20:12:25.025Z] [org.springframework.boot.web.embedded.tomcat.TomcatWebServer] [restartedMain] [92] [INFO ] Tomcat initialized with port(s): 9091 (http)
[2019-11-12T20:12:25.025Z] [org.apache.juli.logging.DirectJDKLog] [restartedMain] [173] [INFO ] Initializing ProtocolHandler ["http-nio-9091"]
[2019-11-12T20:12:25.025Z] [org.apache.juli.logging.DirectJDKLog] [restartedMain] [173] [INFO ] Starting service [Tomcat]
[2019-11-12T20:12:25.025Z] [org.apache.juli.logging.DirectJDKLog] [restartedMain] [173] [INFO ] Starting Servlet engine: [Apache Tomcat/9.0.27]
[2019-11-12T20:12:25.025Z] [org.apache.juli.logging.DirectJDKLog] [restartedMain] [173] [INFO ] Initializing Spring embedded WebApplicationContext
[2019-11-12T20:12:25.025Z] [org.springframework.boot.web.servlet.context.ServletWebServerApplicationContext] [restartedMain] [284] [INFO ] Root WebApplicationContext: initialization completed in 349 ms
[2019-11-12T20:12:25.025Z] [org.springframework.security.web.DefaultSecurityFilterChain] [restartedMain] [43] [INFO ] Creating filter chain: any request, [org.springframework.security.web.context.request.async.WebAsyncManagerIntegrationFilter@475228f4, org.springframework.security.web.context.SecurityContextPersistenceFilter@e52e165, org.springframework.security.web.header.HeaderWriterFilter@2260890c, org.springframework.security.web.authentication.logout.LogoutFilter@6bcf521, org.springframework.security.web.savedrequest.RequestCacheAwareFilter@6ef32cb6, org.springframework.security.web.servletapi.SecurityContextHolderAwareRequestFilter@48fde08d, org.springframework.security.web.authentication.AnonymousAuthenticationFilter@676f1871, org.springframework.security.web.session.SessionManagementFilter@fdb01a9, org.springframework.security.web.access.ExceptionTranslationFilter@dadbd84, org.springframework.security.web.access.intercept.FilterSecurityInterceptor@5969d50d]
[2019-11-12T20:12:25.025Z] [org.springframework.scheduling.concurrent.ExecutorConfigurationSupport] [restartedMain] [171] [INFO ] Initializing ExecutorService 'applicationTaskExecutor'
[2019-11-12T20:12:25.025Z] [org.springframework.boot.devtools.autoconfigure.OptionalLiveReloadServer] [restartedMain] [60] [WARN ] Unable to start LiveReload server
[2019-11-12T20:12:25.025Z] [org.apache.juli.logging.DirectJDKLog] [restartedMain] [173] [INFO ] Starting ProtocolHandler ["http-nio-9091"]
[2019-11-12T20:12:25.025Z] [org.springframework.boot.web.embedded.tomcat.TomcatWebServer] [restartedMain] [204] [INFO ] Tomcat started on port(s): 9091 (http) with context path ''
[2019-11-12T20:12:25.025Z] [org.springframework.boot.StartupInfoLogger] [restartedMain] [61] [INFO ] Started ServiceWebApplication in 0.619 seconds (JVM running for 19.547)
[2019-11-12T20:12:25.025Z] [org.springframework.boot.devtools.autoconfigure.ConditionEvaluationDeltaLoggingListener] [restartedMain] [63] [INFO ] Condition evaluation unchanged
[2019-11-12T20:12:38.038Z] [org.springframework.scheduling.concurrent.ExecutorConfigurationSupport] [Thread-11] [208] [INFO ] Shutting down ExecutorService 'applicationTaskExecutor'
[2019-11-12T20:12:38.038Z] [org.springframework.boot.StartupInfoLogger] [restartedMain] [55] [INFO ] Starting ServiceWebApplication on DESKTOP-HE1TMKM with PID 9848 (D:\OpenClassRooms\OCR-Projet07\ocr-projet07-v3\service_web\target\classes started by cordier in D:\OpenClassRooms\OCR-Projet07\ocr-projet07-v3)
[2019-11-12T20:12:38.038Z] [org.springframework.boot.StartupInfoLogger] [restartedMain] [56] [DEBUG] Running with Spring Boot v2.2.0.RELEASE, Spring v5.2.0.RELEASE
[2019-11-12T20:12:38.038Z] [org.springframework.boot.SpringApplication] [restartedMain] [651] [INFO ] No active profile set, falling back to default profiles: default
[2019-11-12T20:12:39.039Z] [org.apache.juli.logging.DirectJDKLog] [restartedMain] [173] [WARN ] The MBean registry cannot be disabled because it has already been initialised
[2019-11-12T20:12:39.039Z] [org.springframework.boot.web.embedded.tomcat.TomcatWebServer] [restartedMain] [92] [INFO ] Tomcat initialized with port(s): 9091 (http)
[2019-11-12T20:12:39.039Z] [org.apache.juli.logging.DirectJDKLog] [restartedMain] [173] [INFO ] Initializing ProtocolHandler ["http-nio-9091"]
[2019-11-12T20:12:39.039Z] [org.apache.juli.logging.DirectJDKLog] [restartedMain] [173] [INFO ] Starting service [Tomcat]
[2019-11-12T20:12:39.039Z] [org.apache.juli.logging.DirectJDKLog] [restartedMain] [173] [INFO ] Starting Servlet engine: [Apache Tomcat/9.0.27]
[2019-11-12T20:12:39.039Z] [org.apache.juli.logging.DirectJDKLog] [restartedMain] [173] [INFO ] Initializing Spring embedded WebApplicationContext
[2019-11-12T20:12:39.039Z] [org.springframework.boot.web.servlet.context.ServletWebServerApplicationContext] [restartedMain] [284] [INFO ] Root WebApplicationContext: initialization completed in 941 ms
[2019-11-12T20:12:39.039Z] [org.springframework.security.web.DefaultSecurityFilterChain] [restartedMain] [43] [INFO ] Creating filter chain: any request, [org.springframework.security.web.context.request.async.WebAsyncManagerIntegrationFilter@7ecaff45, org.springframework.security.web.context.SecurityContextPersistenceFilter@1c731666, org.springframework.security.web.header.HeaderWriterFilter@4439be70, org.springframework.security.web.authentication.logout.LogoutFilter@2757de59, org.springframework.security.web.savedrequest.RequestCacheAwareFilter@283d9ed9, org.springframework.security.web.servletapi.SecurityContextHolderAwareRequestFilter@217e7f90, org.springframework.security.web.authentication.AnonymousAuthenticationFilter@59c26ab, org.springframework.security.web.session.SessionManagementFilter@602c587c, org.springframework.security.web.access.ExceptionTranslationFilter@37707140, org.springframework.security.web.access.intercept.FilterSecurityInterceptor@3f263fae]
[2019-11-12T20:12:39.039Z] [org.springframework.scheduling.concurrent.ExecutorConfigurationSupport] [restartedMain] [171] [INFO ] Initializing ExecutorService 'applicationTaskExecutor'
[2019-11-12T20:12:39.039Z] [org.springframework.boot.devtools.autoconfigure.OptionalLiveReloadServer] [restartedMain] [60] [WARN ] Unable to start LiveReload server
[2019-11-12T20:12:40.040Z] [org.apache.juli.logging.DirectJDKLog] [restartedMain] [173] [INFO ] Starting ProtocolHandler ["http-nio-9091"]
[2019-11-12T20:12:40.040Z] [org.springframework.boot.web.embedded.tomcat.TomcatWebServer] [restartedMain] [204] [INFO ] Tomcat started on port(s): 9091 (http) with context path ''
[2019-11-12T20:12:40.040Z] [org.springframework.boot.StartupInfoLogger] [restartedMain] [61] [INFO ] Started ServiceWebApplication in 1.699 seconds (JVM running for 34.38)
[2019-11-12T20:12:40.040Z] [org.springframework.boot.devtools.autoconfigure.ConditionEvaluationDeltaLoggingListener] [restartedMain] [63] [INFO ] Condition evaluation unchanged
[2019-11-12T20:12:42.042Z] [org.springframework.scheduling.concurrent.ExecutorConfigurationSupport] [Thread-16] [208] [INFO ] Shutting down ExecutorService 'applicationTaskExecutor'
[2019-11-12T20:12:43.043Z] [org.springframework.boot.StartupInfoLogger] [restartedMain] [55] [INFO ] Starting ServiceWebApplication on DESKTOP-HE1TMKM with PID 9848 (D:\OpenClassRooms\OCR-Projet07\ocr-projet07-v3\service_web\target\classes started by cordier in D:\OpenClassRooms\OCR-Projet07\ocr-projet07-v3)
[2019-11-12T20:12:43.043Z] [org.springframework.boot.StartupInfoLogger] [restartedMain] [56] [DEBUG] Running with Spring Boot v2.2.0.RELEASE, Spring v5.2.0.RELEASE
[2019-11-12T20:12:43.043Z] [org.springframework.boot.SpringApplication] [restartedMain] [651] [INFO ] No active profile set, falling back to default profiles: default
[2019-11-12T20:12:44.044Z] [org.apache.juli.logging.DirectJDKLog] [restartedMain] [173] [WARN ] The MBean registry cannot be disabled because it has already been initialised
[2019-11-12T20:12:44.044Z] [org.springframework.boot.web.embedded.tomcat.TomcatWebServer] [restartedMain] [92] [INFO ] Tomcat initialized with port(s): 9091 (http)
[2019-11-12T20:12:44.044Z] [org.apache.juli.logging.DirectJDKLog] [restartedMain] [173] [INFO ] Initializing ProtocolHandler ["http-nio-9091"]
[2019-11-12T20:12:44.044Z] [org.apache.juli.logging.DirectJDKLog] [restartedMain] [173] [INFO ] Starting service [Tomcat]
[2019-11-12T20:12:44.044Z] [org.apache.juli.logging.DirectJDKLog] [restartedMain] [173] [INFO ] Starting Servlet engine: [Apache Tomcat/9.0.27]
[2019-11-12T20:12:44.044Z] [org.apache.juli.logging.DirectJDKLog] [restartedMain] [173] [INFO ] Initializing Spring embedded WebApplicationContext
[2019-11-12T20:12:44.044Z] [org.springframework.boot.web.servlet.context.ServletWebServerApplicationContext] [restartedMain] [284] [INFO ] Root WebApplicationContext: initialization completed in 1070 ms
[2019-11-12T20:12:44.044Z] [org.springframework.security.web.DefaultSecurityFilterChain] [restartedMain] [43] [INFO ] Creating filter chain: any request, [org.springframework.security.web.context.request.async.WebAsyncManagerIntegrationFilter@2eb2cdb8, org.springframework.security.web.context.SecurityContextPersistenceFilter@479eebcc, org.springframework.security.web.header.HeaderWriterFilter@4ed7b2e0, org.springframework.security.web.authentication.logout.LogoutFilter@75f74f10, org.springframework.security.web.savedrequest.RequestCacheAwareFilter@aeb2efb, org.springframework.security.web.servletapi.SecurityContextHolderAwareRequestFilter@79d8ddf4, org.springframework.security.web.authentication.AnonymousAuthenticationFilter@2ded321a, org.springframework.security.web.session.SessionManagementFilter@64cb0505, org.springframework.security.web.access.ExceptionTranslationFilter@46d17d31, org.springframework.security.web.access.intercept.FilterSecurityInterceptor@1b8519b2]
[2019-11-12T20:12:44.044Z] [org.springframework.scheduling.concurrent.ExecutorConfigurationSupport] [restartedMain] [171] [INFO ] Initializing ExecutorService 'applicationTaskExecutor'
[2019-11-12T20:12:44.044Z] [org.springframework.boot.devtools.autoconfigure.OptionalLiveReloadServer] [restartedMain] [60] [WARN ] Unable to start LiveReload server
[2019-11-12T20:12:44.044Z] [org.apache.juli.logging.DirectJDKLog] [restartedMain] [173] [INFO ] Starting ProtocolHandler ["http-nio-9091"]
[2019-11-12T20:12:44.044Z] [org.springframework.boot.web.embedded.tomcat.TomcatWebServer] [restartedMain] [204] [INFO ] Tomcat started on port(s): 9091 (http) with context path ''
[2019-11-12T20:12:44.044Z] [org.springframework.boot.StartupInfoLogger] [restartedMain] [61] [INFO ] Started ServiceWebApplication in 1.74 seconds (JVM running for 38.85)
[2019-11-12T20:12:44.044Z] [org.springframework.boot.devtools.autoconfigure.ConditionEvaluationDeltaLoggingListener] [restartedMain] [63] [INFO ] Condition evaluation unchanged
[2019-11-12T20:12:45.045Z] [org.apache.juli.logging.DirectJDKLog] [http-nio-9091-exec-4] [173] [INFO ] Initializing Spring DispatcherServlet 'dispatcherServlet'
[2019-11-12T20:12:45.045Z] [org.springframework.web.servlet.FrameworkServlet] [http-nio-9091-exec-4] [525] [INFO ] Initializing Servlet 'dispatcherServlet'
[2019-11-12T20:12:45.045Z] [org.springframework.web.servlet.FrameworkServlet] [http-nio-9091-exec-4] [547] [INFO ] Completed initialization in 4 ms
[2019-11-12T20:12:47.047Z] [org.springframework.scheduling.concurrent.ExecutorConfigurationSupport] [Thread-21] [208] [INFO ] Shutting down ExecutorService 'applicationTaskExecutor'
[2019-11-12T20:12:47.047Z] [org.springframework.boot.StartupInfoLogger] [restartedMain] [55] [INFO ] Starting ServiceWebApplication on DESKTOP-HE1TMKM with PID 9848 (D:\OpenClassRooms\OCR-Projet07\ocr-projet07-v3\service_web\target\classes started by cordier in D:\OpenClassRooms\OCR-Projet07\ocr-projet07-v3)
[2019-11-12T20:12:47.047Z] [org.springframework.boot.StartupInfoLogger] [restartedMain] [56] [DEBUG] Running with Spring Boot v2.2.0.RELEASE, Spring v5.2.0.RELEASE
[2019-11-12T20:12:47.047Z] [org.springframework.boot.SpringApplication] [restartedMain] [651] [INFO ] No active profile set, falling back to default profiles: default
[2019-11-12T20:12:47.047Z] [org.apache.juli.logging.DirectJDKLog] [restartedMain] [173] [WARN ] The MBean registry cannot be disabled because it has already been initialised
[2019-11-12T20:12:47.047Z] [org.springframework.boot.web.embedded.tomcat.TomcatWebServer] [restartedMain] [92] [INFO ] Tomcat initialized with port(s): 9091 (http)
[2019-11-12T20:12:47.047Z] [org.apache.juli.logging.DirectJDKLog] [restartedMain] [173] [INFO ] Initializing ProtocolHandler ["http-nio-9091"]
[2019-11-12T20:12:47.047Z] [org.apache.juli.logging.DirectJDKLog] [restartedMain] [173] [INFO ] Starting service [Tomcat]
[2019-11-12T20:12:47.047Z] [org.apache.juli.logging.DirectJDKLog] [restartedMain] [173] [INFO ] Starting Servlet engine: [Apache Tomcat/9.0.27]
[2019-11-12T20:12:47.047Z] [org.apache.juli.logging.DirectJDKLog] [restartedMain] [173] [INFO ] Initializing Spring embedded WebApplicationContext
[2019-11-12T20:12:47.047Z] [org.springframework.boot.web.servlet.context.ServletWebServerApplicationContext] [restartedMain] [284] [INFO ] Root WebApplicationContext: initialization completed in 463 ms
[2019-11-12T20:12:48.048Z] [org.springframework.security.web.DefaultSecurityFilterChain] [restartedMain] [43] [INFO ] Creating filter chain: any request, [org.springframework.security.web.context.request.async.WebAsyncManagerIntegrationFilter@6ce41e5b, org.springframework.security.web.context.SecurityContextPersistenceFilter@53a7b45e, org.springframework.security.web.header.HeaderWriterFilter@307c9286, org.springframework.security.web.authentication.logout.LogoutFilter@52e56f13, org.springframework.security.web.savedrequest.RequestCacheAwareFilter@692cc99c, org.springframework.security.web.servletapi.SecurityContextHolderAwareRequestFilter@3d108e9d, org.springframework.security.web.authentication.AnonymousAuthenticationFilter@3cde8326, org.springframework.security.web.session.SessionManagementFilter@3e67ef08, org.springframework.security.web.access.ExceptionTranslationFilter@28824670, org.springframework.security.web.access.intercept.FilterSecurityInterceptor@5bbab2f7]
[2019-11-12T20:12:48.048Z] [org.springframework.scheduling.concurrent.ExecutorConfigurationSupport] [restartedMain] [171] [INFO ] Initializing ExecutorService 'applicationTaskExecutor'
[2019-11-12T20:12:48.048Z] [org.springframework.boot.devtools.autoconfigure.OptionalLiveReloadServer] [restartedMain] [60] [WARN ] Unable to start LiveReload server
[2019-11-12T20:12:48.048Z] [org.apache.juli.logging.DirectJDKLog] [restartedMain] [173] [INFO ] Starting ProtocolHandler ["http-nio-9091"]
[2019-11-12T20:12:48.048Z] [org.springframework.boot.web.embedded.tomcat.TomcatWebServer] [restartedMain] [204] [INFO ] Tomcat started on port(s): 9091 (http) with context path ''
[2019-11-12T20:12:48.048Z] [org.springframework.boot.StartupInfoLogger] [restartedMain] [61] [INFO ] Started ServiceWebApplication in 0.79 seconds (JVM running for 42.275)
[2019-11-12T20:12:48.048Z] [org.springframework.boot.devtools.autoconfigure.ConditionEvaluationDeltaLoggingListener] [restartedMain] [63] [INFO ] Condition evaluation unchanged
[2019-11-12T20:13:04.004Z] [org.apache.juli.logging.DirectJDKLog] [http-nio-9091-exec-2] [173] [INFO ] Initializing Spring DispatcherServlet 'dispatcherServlet'
[2019-11-12T20:13:04.004Z] [org.springframework.web.servlet.FrameworkServlet] [http-nio-9091-exec-2] [525] [INFO ] Initializing Servlet 'dispatcherServlet'
[2019-11-12T20:13:04.004Z] [org.springframework.web.servlet.FrameworkServlet] [http-nio-9091-exec-2] [547] [INFO ] Completed initialization in 2 ms
[2019-11-12T20:13:11.011Z] [org.springframework.web.servlet.handler.AbstractHandlerExceptionResolver] [http-nio-9091-exec-3] [199] [WARN ] Resolved [org.springframework.web.HttpRequestMethodNotSupportedException: Request method 'GET' not supported]
[2019-11-12T20:13:15.015Z] [org.springframework.web.servlet.handler.AbstractHandlerExceptionResolver] [http-nio-9091-exec-4] [199] [WARN ] Resolved [org.springframework.web.HttpRequestMethodNotSupportedException: Request method 'GET' not supported]
[2019-11-12T20:13:16.016Z] [org.springframework.web.servlet.handler.AbstractHandlerExceptionResolver] [http-nio-9091-exec-5] [199] [WARN ] Resolved [org.springframework.web.HttpRequestMethodNotSupportedException: Request method 'GET' not supported]
[2019-11-12T20:13:21.021Z] [org.apache.juli.logging.DirectJDKLog] [http-nio-9091-exec-6] [173] [WARN ] Creation of SecureRandom instance for session ID generation using [SHA1PRNG] took [139] milliseconds.
[2019-11-12T20:14:12.012Z] [org.springframework.scheduling.concurrent.ExecutorConfigurationSupport] [SpringContextShutdownHook] [208] [INFO ] Shutting down ExecutorService 'applicationTaskExecutor'
