[2019-11-11T17:53:05.005Z] [org.springframework.boot.context.logging.ClasspathLoggingApplicationListener] [restartedMain] [51] [DEBUG] Application started with classpath: [file:/D:/OpenClassRooms/OCR-Projet07/ocr-projet07-v3/service_batchmail/target/classes/, file:/D:/OpenClassRooms/OCR-Projet07/ocr-projet07-v3/lib_httpclient/target/classes/]
[2019-11-11T17:53:05.005Z] [org.springframework.boot.StartupInfoLogger] [restartedMain] [55] [INFO ] Starting ServiceBatchmailApplication on DESKTOP-HE1TMKM with PID 4828 (D:\OpenClassRooms\OCR-Projet07\ocr-projet07-v3\service_batchmail\target\classes started by cordier in D:\OpenClassRooms\OCR-Projet07\ocr-projet07-v3)
[2019-11-11T17:53:05.005Z] [org.springframework.boot.StartupInfoLogger] [restartedMain] [56] [DEBUG] Running with Spring Boot v2.2.0.RELEASE, Spring v5.2.0.RELEASE
[2019-11-11T17:53:05.005Z] [org.springframework.boot.SpringApplication] [restartedMain] [651] [INFO ] No active profile set, falling back to default profiles: default
[2019-11-11T17:53:05.005Z] [org.springframework.boot.SpringApplication] [restartedMain] [679] [DEBUG] Loading source class fr.ocr.service_batchmail.ServiceBatchmailApplication
[2019-11-11T17:53:05.005Z] [org.springframework.boot.logging.DeferredLog] [restartedMain] [222] [DEBUG] Loaded config file 'file:/D:/OpenClassRooms/OCR-Projet07/ocr-projet07-v3/service_batchmail/target/classes/application.yml' (classpath:/application.yml)
[2019-11-11T17:53:05.005Z] [org.springframework.boot.logging.DeferredLog] [restartedMain] [222] [DEBUG] Matching URLs for reloading : [file:/D:/OpenClassRooms/OCR-Projet07/ocr-projet07-v3/service_batchmail/target/classes/, file:/D:/OpenClassRooms/OCR-Projet07/ocr-projet07-v3/lib_httpclient/target/classes/]
[2019-11-11T17:53:05.005Z] [org.springframework.boot.logging.DeferredLog] [restartedMain] [222] [DEBUG] Included patterns for restart : []
[2019-11-11T17:53:05.005Z] [org.springframework.boot.logging.DeferredLog] [restartedMain] [222] [DEBUG] Excluded patterns for restart : [/spring-boot-starter-[\w-]+/, /spring-boot/target/classes/, /spring-boot-starter/target/classes/, /spring-boot-devtools/target/classes/, /spring-boot-actuator/target/classes/, /spring-boot-autoconfigure/target/classes/]
[2019-11-11T17:53:05.005Z] [org.springframework.boot.logging.DeferredLog] [restartedMain] [225] [INFO ] Devtools property defaults active! Set 'spring.devtools.add-properties' to 'false' to disable
[2019-11-11T17:53:06.006Z] [org.springframework.boot.admin.SpringApplicationAdminMXBeanRegistrar] [restartedMain] [131] [DEBUG] Application Admin MBean registered with name 'org.springframework.boot:type=Admin,name=SpringApplication'
[2019-11-11T17:53:06.006Z] [org.springframework.scheduling.concurrent.ExecutorConfigurationSupport] [restartedMain] [171] [INFO ] Initializing ExecutorService 'taskScheduler'
[2019-11-11T17:53:06.006Z] [org.springframework.boot.devtools.livereload.LiveReloadServer] [restartedMain] [112] [DEBUG] Starting live reload server on port 35729
[2019-11-11T17:53:06.006Z] [org.springframework.boot.devtools.autoconfigure.OptionalLiveReloadServer] [restartedMain] [60] [WARN ] Unable to start LiveReload server
[2019-11-11T17:53:06.006Z] [org.springframework.boot.devtools.autoconfigure.OptionalLiveReloadServer] [restartedMain] [61] [DEBUG] Live reload start error
[2019-11-11T17:53:06.006Z] [org.springframework.boot.StartupInfoLogger] [restartedMain] [61] [INFO ] Started ServiceBatchmailApplication in 0.94 seconds (JVM running for 1.71)
[2019-11-11T17:53:06.006Z] [fr.ocr.service_batchmail.task.ScheduledMailer] [restartedMain] [94] [INFO ] InfosBatchMailDtoBatch(userName=lola, email=laurent.cordier3004@gmail.com, titre=building web apps with spring 5 and angular, auteur=ranga ajitesh shukla, dateEmprunt=Tue Oct 01 02:00:00 CEST 2019)
[2019-11-11T17:53:06.006Z] [fr.ocr.service_batchmail.task.ScheduledMailer] [restartedMain] [94] [INFO ] InfosBatchMailDtoBatch(userName=lola, email=laurent.cordier3004@gmail.com, titre=Java the complete eleventh edition, auteur=Herbert Schildt, dateEmprunt=Sat Sep 21 02:00:00 CEST 2019)
[2019-11-11T17:53:06.006Z] [fr.ocr.service_batchmail.task.ScheduledMailer] [restartedMain] [94] [INFO ] InfosBatchMailDtoBatch(userName=lola, email=laurent.cordier3004@gmail.com, titre=Apache Maven maitrisez  l infra d un projet Java EE, auteur=Maxime Greau Etienne Langlet, dateEmprunt=Sat Oct 05 02:00:00 CEST 2019)
[2019-11-11T17:53:06.006Z] [fr.ocr.service_batchmail.task.ScheduledMailer] [restartedMain] [64] [INFO ] 
*********************************************

  Bonjour, vous avez emprunté l'ouvrage :
  Titre..: building web apps with spring 5 and angular
  De.....: ranga ajitesh shukla
  Le.....: Tue Oct 01 02:00:00 CEST 2019

   Le délai de 4 semaines est dépassé.
   Merci de nous retourner cet ouvrage 
 L'equipe Municipale
*********************************************

[2019-11-11T17:53:07.007Z] [fr.ocr.service_batchmail.task.ScheduledMailer] [restartedMain] [68] [WARN ] Erreur : javalMail to [Ljava.lang.String;@5f01b98f - cause :Authentication failed; nested exception is javax.mail.AuthenticationFailedException: 535-5.7.8 Username and Password not accepted. Learn more at
535 5.7.8  https://support.google.com/mail/?p=BadCredentials d199sm16445401wmd.35 - gsmtp

[2019-11-11T17:53:07.007Z] [fr.ocr.service_batchmail.task.ScheduledMailer] [restartedMain] [64] [INFO ] 
*********************************************

  Bonjour, vous avez emprunté l'ouvrage :
  Titre..: Java the complete eleventh edition
  De.....: Herbert Schildt
  Le.....: Sat Sep 21 02:00:00 CEST 2019

   Le délai de 4 semaines est dépassé.
   Merci de nous retourner cet ouvrage 
 L'equipe Municipale
*********************************************

[2019-11-11T17:53:07.007Z] [fr.ocr.service_batchmail.task.ScheduledMailer] [restartedMain] [68] [WARN ] Erreur : javalMail to [Ljava.lang.String;@28dd87ad - cause :Authentication failed; nested exception is javax.mail.AuthenticationFailedException: 535-5.7.8 Username and Password not accepted. Learn more at
535 5.7.8  https://support.google.com/mail/?p=BadCredentials z14sm14243604wrl.60 - gsmtp

[2019-11-11T17:53:07.007Z] [fr.ocr.service_batchmail.task.ScheduledMailer] [restartedMain] [64] [INFO ] 
*********************************************

  Bonjour, vous avez emprunté l'ouvrage :
  Titre..: Apache Maven maitrisez  l infra d un projet Java EE
  De.....: Maxime Greau Etienne Langlet
  Le.....: Sat Oct 05 02:00:00 CEST 2019

   Le délai de 4 semaines est dépassé.
   Merci de nous retourner cet ouvrage 
 L'equipe Municipale
*********************************************

[2019-11-11T17:53:08.008Z] [fr.ocr.service_batchmail.task.ScheduledMailer] [restartedMain] [68] [WARN ] Erreur : javalMail to [Ljava.lang.String;@63aa534e - cause :Authentication failed; nested exception is javax.mail.AuthenticationFailedException: 535-5.7.8 Username and Password not accepted. Learn more at
535 5.7.8  https://support.google.com/mail/?p=BadCredentials j2sm922609wrt.61 - gsmtp

[2019-11-11T17:53:08.008Z] [org.springframework.boot.logging.DeferredLog] [restartedMain] [222] [DEBUG] Creating new Restarter for thread Thread[main,5,main]
[2019-11-11T17:53:08.008Z] [org.springframework.boot.logging.DeferredLog] [restartedMain] [222] [DEBUG] Immediately restarting application
[2019-11-11T17:53:08.008Z] [org.springframework.boot.logging.DeferredLog] [restartedMain] [222] [DEBUG] Created RestartClassLoader org.springframework.boot.devtools.restart.classloader.RestartClassLoader@42c211da
[2019-11-11T17:53:08.008Z] [org.springframework.boot.logging.DeferredLog] [restartedMain] [222] [DEBUG] Starting application fr.ocr.service_batchmail.ServiceBatchmailApplication with URLs [file:/D:/OpenClassRooms/OCR-Projet07/ocr-projet07-v3/service_batchmail/target/classes/, file:/D:/OpenClassRooms/OCR-Projet07/ocr-projet07-v3/lib_httpclient/target/classes/]
[2019-11-11T17:54:50.050Z] [org.springframework.scheduling.concurrent.ExecutorConfigurationSupport] [SpringContextShutdownHook] [208] [INFO ] Shutting down ExecutorService 'taskScheduler'
