[2020-01-09T08:14:49.049Z] [org.springframework.boot.SpringApplicationBannerPrinter] [restartedMain] [61] [INFO ] 
  .   ____          _            __ _ _
 /\\ / ___'_ __ _ _(_)_ __  __ _ \ \ \ \
( ( )\___ | '_ | '_| | '_ \/ _` | \ \ \ \
 \\/  ___)| |_)| | | | | || (_| |  ) ) ) )
  '  |____| .__|_| |_|_| |_\__, | / / / /
 =========|_|==============|___/=/_/_/_/
[32m :: Spring Boot :: [39m      [2m (v2.2.0.RELEASE)[0;39m


[2020-01-09T08:14:49.049Z] [org.springframework.boot.StartupInfoLogger] [restartedMain] [55] [INFO ] Starting ServiceFrontMvcApplication on DESKTOP-HE1TMKM with PID 2864 (D:\OpenClassRooms\OCR-Projet07\ocr-projet07-v4\service_frontmvc\target\classes started by cordier in D:\OpenClassRooms\OCR-Projet07\ocr-projet07-v4)
[2020-01-09T08:14:49.049Z] [org.springframework.boot.StartupInfoLogger] [restartedMain] [56] [DEBUG] Running with Spring Boot v2.2.0.RELEASE, Spring v5.2.0.RELEASE
[2020-01-09T08:14:49.049Z] [org.springframework.boot.SpringApplication] [restartedMain] [651] [INFO ] No active profile set, falling back to default profiles: default
[2020-01-09T08:14:49.049Z] [org.springframework.boot.logging.DeferredLog] [restartedMain] [225] [INFO ] Devtools property defaults active! Set 'spring.devtools.add-properties' to 'false' to disable
[2020-01-09T08:14:49.049Z] [org.springframework.boot.logging.DeferredLog] [restartedMain] [225] [INFO ] For additional web related logging consider setting the 'logging.level.web' property to 'DEBUG'
[2020-01-09T08:14:50.050Z] [org.springframework.boot.web.embedded.tomcat.TomcatWebServer] [restartedMain] [92] [INFO ] Tomcat initialized with port(s): 80 (http)
[2020-01-09T08:14:50.050Z] [org.apache.juli.logging.DirectJDKLog] [restartedMain] [173] [INFO ] Starting service [Tomcat]
[2020-01-09T08:14:50.050Z] [org.apache.juli.logging.DirectJDKLog] [restartedMain] [173] [INFO ] Starting Servlet engine: [Apache Tomcat/9.0.27]
[2020-01-09T08:14:50.050Z] [org.apache.juli.logging.DirectJDKLog] [restartedMain] [173] [INFO ] Initializing Spring embedded WebApplicationContext
[2020-01-09T08:14:50.050Z] [org.springframework.boot.web.servlet.context.ServletWebServerApplicationContext] [restartedMain] [284] [INFO ] Root WebApplicationContext: initialization completed in 1010 ms
[2020-01-09T08:14:51.051Z] [springfox.documentation.spring.web.PropertySourcedRequestMappingHandlerMapping] [restartedMain] [69] [INFO ] Mapped URL path [/v2/api-docs] onto method [springfox.documentation.swagger2.web.Swagger2Controller#getDocumentation(String, HttpServletRequest)]
[2020-01-09T08:14:51.051Z] [org.springframework.security.web.DefaultSecurityFilterChain] [restartedMain] [43] [INFO ] Creating filter chain: any request, [org.springframework.security.web.context.request.async.WebAsyncManagerIntegrationFilter@614dcbc8, org.springframework.security.web.context.SecurityContextPersistenceFilter@7979205, org.springframework.security.web.header.HeaderWriterFilter@4106b5a5, org.springframework.web.filter.CorsFilter@51864070, org.springframework.security.web.authentication.logout.LogoutFilter@70dc3f7c, org.springframework.security.web.session.ConcurrentSessionFilter@7809564a, org.springframework.security.web.savedrequest.RequestCacheAwareFilter@787552de, org.springframework.security.web.servletapi.SecurityContextHolderAwareRequestFilter@686ed5ed, org.springframework.security.web.authentication.AnonymousAuthenticationFilter@527ced03, org.springframework.security.web.session.SessionManagementFilter@6cc3ec1f, org.springframework.security.web.access.ExceptionTranslationFilter@3d0049f0, org.springframework.security.web.access.intercept.FilterSecurityInterceptor@32486a2c]
[2020-01-09T08:14:51.051Z] [org.springframework.scheduling.concurrent.ExecutorConfigurationSupport] [restartedMain] [171] [INFO ] Initializing ExecutorService 'applicationTaskExecutor'
[2020-01-09T08:14:51.051Z] [springfox.documentation.spring.web.plugins.DocumentationPluginsBootstrapper] [restartedMain] [160] [INFO ] Context refreshed
[2020-01-09T08:14:51.051Z] [springfox.documentation.spring.web.plugins.DocumentationPluginsBootstrapper] [restartedMain] [163] [INFO ] Found 1 custom documentation plugin(s)
[2020-01-09T08:14:51.051Z] [springfox.documentation.spring.web.scanners.ApiListingReferenceScanner] [restartedMain] [41] [INFO ] Scanning for api listing references
[2020-01-09T08:14:51.051Z] [org.springframework.boot.web.embedded.tomcat.TomcatWebServer] [restartedMain] [204] [INFO ] Tomcat started on port(s): 80 (http) with context path ''
[2020-01-09T08:14:51.051Z] [org.springframework.boot.StartupInfoLogger] [restartedMain] [61] [INFO ] Started ServiceFrontMvcApplication in 2.337 seconds (JVM running for 3.09)
[2020-01-09T08:16:11.011Z] [org.apache.juli.logging.DirectJDKLog] [http-nio-80-exec-1] [173] [INFO ] Initializing Spring DispatcherServlet 'dispatcherServlet'
[2020-01-09T08:16:11.011Z] [org.springframework.web.servlet.FrameworkServlet] [http-nio-80-exec-1] [525] [INFO ] Initializing Servlet 'dispatcherServlet'
[2020-01-09T08:16:11.011Z] [org.springframework.web.servlet.FrameworkServlet] [http-nio-80-exec-1] [547] [INFO ] Completed initialization in 4 ms
[2020-01-09T08:16:18.018Z] [org.apache.juli.logging.DirectJDKLog] [http-nio-80-exec-4] [173] [WARN ] Creation of SecureRandom instance for session ID generation using [SHA1PRNG] took [118] milliseconds.
[2020-01-09T08:16:40.040Z] [org.apache.juli.logging.DirectJDKLog] [http-nio-80-exec-10] [175] [ERROR] Servlet.service() for servlet [dispatcherServlet] in context with path [] threw exception [Request processing failed; nested exception is java.lang.ClassCastException: class java.lang.String cannot be cast to class fr.ocr.front_mvc.userdetails.UserWebUserDetails (java.lang.String is in module java.base of loader 'bootstrap'; fr.ocr.front_mvc.userdetails.UserWebUserDetails is in unnamed module of loader org.springframework.boot.devtools.restart.classloader.RestartClassLoader @76e9cc61)] with root cause
java.lang.ClassCastException: class java.lang.String cannot be cast to class fr.ocr.front_mvc.userdetails.UserWebUserDetails (java.lang.String is in module java.base of loader 'bootstrap'; fr.ocr.front_mvc.userdetails.UserWebUserDetails is in unnamed module of loader org.springframework.boot.devtools.restart.classloader.RestartClassLoader @76e9cc61)
	at fr.ocr.front_mvc.controller.DispatchController.getListePrestCtrl(DispatchController.java:197)
	at java.base/jdk.internal.reflect.NativeMethodAccessorImpl.invoke0(Native Method)
	at java.base/jdk.internal.reflect.NativeMethodAccessorImpl.invoke(NativeMethodAccessorImpl.java:62)
	at java.base/jdk.internal.reflect.DelegatingMethodAccessorImpl.invoke(DelegatingMethodAccessorImpl.java:43)
	at java.base/java.lang.reflect.Method.invoke(Method.java:566)
	at org.springframework.web.method.support.InvocableHandlerMethod.doInvoke(InvocableHandlerMethod.java:190)
	at org.springframework.web.method.support.InvocableHandlerMethod.invokeForRequest(InvocableHandlerMethod.java:138)
	at org.springframework.web.servlet.mvc.method.annotation.ServletInvocableHandlerMethod.invokeAndHandle(ServletInvocableHandlerMethod.java:106)
	at org.springframework.web.servlet.mvc.method.annotation.RequestMappingHandlerAdapter.invokeHandlerMethod(RequestMappingHandlerAdapter.java:888)
	at org.springframework.web.servlet.mvc.method.annotation.RequestMappingHandlerAdapter.handleInternal(RequestMappingHandlerAdapter.java:793)
	at org.springframework.web.servlet.mvc.method.AbstractHandlerMethodAdapter.handle(AbstractHandlerMethodAdapter.java:87)
	at org.springframework.web.servlet.DispatcherServlet.doDispatch(DispatcherServlet.java:1040)
	at org.springframework.web.servlet.DispatcherServlet.doService(DispatcherServlet.java:943)
	at org.springframework.web.servlet.FrameworkServlet.processRequest(FrameworkServlet.java:1006)
	at org.springframework.web.servlet.FrameworkServlet.doGet(FrameworkServlet.java:898)
	at javax.servlet.http.HttpServlet.service(HttpServlet.java:634)
	at org.springframework.web.servlet.FrameworkServlet.service(FrameworkServlet.java:883)
	at javax.servlet.http.HttpServlet.service(HttpServlet.java:741)
	at org.apache.catalina.core.ApplicationFilterChain.internalDoFilter(ApplicationFilterChain.java:231)
	at org.apache.catalina.core.ApplicationFilterChain.doFilter(ApplicationFilterChain.java:166)
	at org.apache.tomcat.websocket.server.WsFilter.doFilter(WsFilter.java:53)
	at org.apache.catalina.core.ApplicationFilterChain.internalDoFilter(ApplicationFilterChain.java:193)
	at org.apache.catalina.core.ApplicationFilterChain.doFilter(ApplicationFilterChain.java:166)
	at org.springframework.security.web.FilterChainProxy$VirtualFilterChain.doFilter(FilterChainProxy.java:320)
	at org.springframework.security.web.access.intercept.FilterSecurityInterceptor.invoke(FilterSecurityInterceptor.java:126)
	at org.springframework.security.web.access.intercept.FilterSecurityInterceptor.doFilter(FilterSecurityInterceptor.java:90)
	at org.springframework.security.web.FilterChainProxy$VirtualFilterChain.doFilter(FilterChainProxy.java:334)
	at org.springframework.security.web.access.ExceptionTranslationFilter.doFilter(ExceptionTranslationFilter.java:118)
	at org.springframework.security.web.FilterChainProxy$VirtualFilterChain.doFilter(FilterChainProxy.java:334)
	at org.springframework.security.web.session.SessionManagementFilter.doFilter(SessionManagementFilter.java:137)
	at org.springframework.security.web.FilterChainProxy$VirtualFilterChain.doFilter(FilterChainProxy.java:334)
	at org.springframework.security.web.authentication.AnonymousAuthenticationFilter.doFilter(AnonymousAuthenticationFilter.java:111)
	at org.springframework.security.web.FilterChainProxy$VirtualFilterChain.doFilter(FilterChainProxy.java:334)
	at org.springframework.security.web.servletapi.SecurityContextHolderAwareRequestFilter.doFilter(SecurityContextHolderAwareRequestFilter.java:158)
	at org.springframework.security.web.FilterChainProxy$VirtualFilterChain.doFilter(FilterChainProxy.java:334)
	at org.springframework.security.web.savedrequest.RequestCacheAwareFilter.doFilter(RequestCacheAwareFilter.java:63)
	at org.springframework.security.web.FilterChainProxy$VirtualFilterChain.doFilter(FilterChainProxy.java:334)
	at org.springframework.security.web.session.ConcurrentSessionFilter.doFilter(ConcurrentSessionFilter.java:152)
	at org.springframework.security.web.FilterChainProxy$VirtualFilterChain.doFilter(FilterChainProxy.java:334)
	at org.springframework.security.web.authentication.logout.LogoutFilter.doFilter(LogoutFilter.java:116)
	at org.springframework.security.web.FilterChainProxy$VirtualFilterChain.doFilter(FilterChainProxy.java:334)
	at org.springframework.web.filter.CorsFilter.doFilterInternal(CorsFilter.java:92)
	at org.springframework.web.filter.OncePerRequestFilter.doFilter(OncePerRequestFilter.java:119)
	at org.springframework.security.web.FilterChainProxy$VirtualFilterChain.doFilter(FilterChainProxy.java:334)
	at org.springframework.security.web.header.HeaderWriterFilter.doHeadersAfter(HeaderWriterFilter.java:92)
	at org.springframework.security.web.header.HeaderWriterFilter.doFilterInternal(HeaderWriterFilter.java:77)
	at org.springframework.web.filter.OncePerRequestFilter.doFilter(OncePerRequestFilter.java:119)
	at org.springframework.security.web.FilterChainProxy$VirtualFilterChain.doFilter(FilterChainProxy.java:334)
	at org.springframework.security.web.context.SecurityContextPersistenceFilter.doFilter(SecurityContextPersistenceFilter.java:105)
	at org.springframework.security.web.FilterChainProxy$VirtualFilterChain.doFilter(FilterChainProxy.java:334)
	at org.springframework.security.web.context.request.async.WebAsyncManagerIntegrationFilter.doFilterInternal(WebAsyncManagerIntegrationFilter.java:56)
	at org.springframework.web.filter.OncePerRequestFilter.doFilter(OncePerRequestFilter.java:119)
	at org.springframework.security.web.FilterChainProxy$VirtualFilterChain.doFilter(FilterChainProxy.java:334)
	at org.springframework.security.web.FilterChainProxy.doFilterInternal(FilterChainProxy.java:215)
	at org.springframework.security.web.FilterChainProxy.doFilter(FilterChainProxy.java:178)
	at org.springframework.web.filter.DelegatingFilterProxy.invokeDelegate(DelegatingFilterProxy.java:358)
	at org.springframework.web.filter.DelegatingFilterProxy.doFilter(DelegatingFilterProxy.java:271)
	at org.apache.catalina.core.ApplicationFilterChain.internalDoFilter(ApplicationFilterChain.java:193)
	at org.apache.catalina.core.ApplicationFilterChain.doFilter(ApplicationFilterChain.java:166)
	at org.springframework.web.filter.RequestContextFilter.doFilterInternal(RequestContextFilter.java:100)
	at org.springframework.web.filter.OncePerRequestFilter.doFilter(OncePerRequestFilter.java:119)
	at org.apache.catalina.core.ApplicationFilterChain.internalDoFilter(ApplicationFilterChain.java:193)
	at org.apache.catalina.core.ApplicationFilterChain.doFilter(ApplicationFilterChain.java:166)
	at org.springframework.web.filter.FormContentFilter.doFilterInternal(FormContentFilter.java:93)
	at org.springframework.web.filter.OncePerRequestFilter.doFilter(OncePerRequestFilter.java:119)
	at org.apache.catalina.core.ApplicationFilterChain.internalDoFilter(ApplicationFilterChain.java:193)
	at org.apache.catalina.core.ApplicationFilterChain.doFilter(ApplicationFilterChain.java:166)
	at org.springframework.web.filter.CharacterEncodingFilter.doFilterInternal(CharacterEncodingFilter.java:201)
	at org.springframework.web.filter.OncePerRequestFilter.doFilter(OncePerRequestFilter.java:119)
	at org.apache.catalina.core.ApplicationFilterChain.internalDoFilter(ApplicationFilterChain.java:193)
	at org.apache.catalina.core.ApplicationFilterChain.doFilter(ApplicationFilterChain.java:166)
	at org.apache.catalina.core.StandardWrapperValve.invoke(StandardWrapperValve.java:202)
	at org.apache.catalina.core.StandardContextValve.invoke(StandardContextValve.java:96)
	at org.apache.catalina.authenticator.AuthenticatorBase.invoke(AuthenticatorBase.java:526)
	at org.apache.catalina.core.StandardHostValve.invoke(StandardHostValve.java:139)
	at org.apache.catalina.valves.ErrorReportValve.invoke(ErrorReportValve.java:92)
	at org.apache.catalina.core.StandardEngineValve.invoke(StandardEngineValve.java:74)
	at org.apache.catalina.connector.CoyoteAdapter.service(CoyoteAdapter.java:343)
	at org.apache.coyote.http11.Http11Processor.service(Http11Processor.java:408)
	at org.apache.coyote.AbstractProcessorLight.process(AbstractProcessorLight.java:66)
	at org.apache.coyote.AbstractProtocol$ConnectionHandler.process(AbstractProtocol.java:861)
	at org.apache.tomcat.util.net.NioEndpoint$SocketProcessor.doRun(NioEndpoint.java:1579)
	at org.apache.tomcat.util.net.SocketProcessorBase.run(SocketProcessorBase.java:49)
	at java.base/java.util.concurrent.ThreadPoolExecutor.runWorker(ThreadPoolExecutor.java:1128)
	at java.base/java.util.concurrent.ThreadPoolExecutor$Worker.run(ThreadPoolExecutor.java:628)
	at org.apache.tomcat.util.threads.TaskThread$WrappingRunnable.run(TaskThread.java:61)
	at java.base/java.lang.Thread.run(Thread.java:834)
